{"/home/imensuravel/projetos-react/blog/src/App.tsx": {"path":"/home/imensuravel/projetos-react/blog/src/App.tsx","all":false,"statementMap":{"0":{"start":{"line":1,"column":0},"end":{"line":1,"column":18}},"1":{"start":{"line":2,"column":0},"end":{"line":2,"column":39}},"2":{"start":{"line":3,"column":0},"end":{"line":3,"column":71}},"3":{"start":{"line":4,"column":0},"end":{"line":4,"column":47}},"4":{"start":{"line":5,"column":0},"end":{"line":5,"column":68}},"6":{"start":{"line":7,"column":0},"end":{"line":7,"column":16}},"9":{"start":{"line":10,"column":0},"end":{"line":10,"column":10}},"10":{"start":{"line":11,"column":0},"end":{"line":11,"column":6}},"11":{"start":{"line":12,"column":0},"end":{"line":12,"column":23}},"12":{"start":{"line":13,"column":0},"end":{"line":13,"column":15}},"13":{"start":{"line":14,"column":0},"end":{"line":14,"column":22}},"14":{"start":{"line":15,"column":0},"end":{"line":15,"column":15}},"15":{"start":{"line":16,"column":0},"end":{"line":16,"column":7}},"17":{"start":{"line":18,"column":0},"end":{"line":18,"column":1}},"19":{"start":{"line":20,"column":0},"end":{"line":20,"column":18}}},"s":{"0":1,"1":1,"2":1,"3":1,"4":1,"6":1,"9":1,"10":1,"11":1,"12":1,"13":1,"14":1,"15":1,"17":1,"19":1},"branchMap":{"0":{"type":"branch","line":7,"loc":{"start":{"line":7,"column":0},"end":{"line":18,"column":1}},"locations":[{"start":{"line":7,"column":0},"end":{"line":18,"column":1}}]}},"b":{"0":[1]},"fnMap":{"0":{"name":"App","decl":{"start":{"line":7,"column":0},"end":{"line":18,"column":1}},"loc":{"start":{"line":7,"column":0},"end":{"line":18,"column":1}},"line":7}},"f":{"0":1}}
,"/home/imensuravel/projetos-react/blog/src/components/BarraNavegacao/BarraNavegacao.tsx": {"path":"/home/imensuravel/projetos-react/blog/src/components/BarraNavegacao/BarraNavegacao.tsx","all":false,"statementMap":{"0":{"start":{"line":1,"column":0},"end":{"line":1,"column":42}},"1":{"start":{"line":2,"column":0},"end":{"line":2,"column":49}},"2":{"start":{"line":3,"column":0},"end":{"line":3,"column":65}},"3":{"start":{"line":4,"column":0},"end":{"line":4,"column":75}},"4":{"start":{"line":5,"column":0},"end":{"line":5,"column":52}},"5":{"start":{"line":6,"column":0},"end":{"line":6,"column":49}},"6":{"start":{"line":7,"column":0},"end":{"line":7,"column":49}},"7":{"start":{"line":8,"column":0},"end":{"line":8,"column":63}},"9":{"start":{"line":10,"column":0},"end":{"line":10,"column":30}},"11":{"start":{"line":12,"column":0},"end":{"line":12,"column":62}},"13":{"start":{"line":14,"column":0},"end":{"line":14,"column":59}},"14":{"start":{"line":15,"column":0},"end":{"line":15,"column":55}},"16":{"start":{"line":17,"column":0},"end":{"line":17,"column":65}},"17":{"start":{"line":18,"column":0},"end":{"line":18,"column":59}},"18":{"start":{"line":19,"column":0},"end":{"line":19,"column":42}},"21":{"start":{"line":22,"column":0},"end":{"line":22,"column":45}},"23":{"start":{"line":24,"column":0},"end":{"line":24,"column":28}},"25":{"start":{"line":26,"column":0},"end":{"line":26,"column":6}},"27":{"start":{"line":28,"column":0},"end":{"line":28,"column":66}},"29":{"start":{"line":30,"column":0},"end":{"line":30,"column":75}},"31":{"start":{"line":32,"column":0},"end":{"line":32,"column":5}},"33":{"start":{"line":34,"column":0},"end":{"line":34,"column":40}},"35":{"start":{"line":36,"column":0},"end":{"line":36,"column":61}},"36":{"start":{"line":37,"column":0},"end":{"line":37,"column":57}},"38":{"start":{"line":39,"column":0},"end":{"line":39,"column":22}},"40":{"start":{"line":41,"column":0},"end":{"line":41,"column":12}},"41":{"start":{"line":42,"column":0},"end":{"line":42,"column":41}},"43":{"start":{"line":44,"column":0},"end":{"line":44,"column":46}},"45":{"start":{"line":46,"column":0},"end":{"line":46,"column":28}},"46":{"start":{"line":47,"column":0},"end":{"line":47,"column":79}},"47":{"start":{"line":48,"column":0},"end":{"line":48,"column":67}},"48":{"start":{"line":49,"column":0},"end":{"line":49,"column":43}},"49":{"start":{"line":50,"column":0},"end":{"line":50,"column":26}},"52":{"start":{"line":53,"column":0},"end":{"line":53,"column":85}},"53":{"start":{"line":54,"column":0},"end":{"line":54,"column":86}},"55":{"start":{"line":56,"column":0},"end":{"line":56,"column":54}},"57":{"start":{"line":58,"column":0},"end":{"line":58,"column":57}},"58":{"start":{"line":59,"column":0},"end":{"line":59,"column":43}},"59":{"start":{"line":60,"column":0},"end":{"line":60,"column":58}},"61":{"start":{"line":62,"column":0},"end":{"line":62,"column":38}},"62":{"start":{"line":63,"column":0},"end":{"line":63,"column":29}},"64":{"start":{"line":65,"column":0},"end":{"line":65,"column":57}},"65":{"start":{"line":66,"column":0},"end":{"line":66,"column":51}},"66":{"start":{"line":67,"column":0},"end":{"line":67,"column":58}},"68":{"start":{"line":69,"column":0},"end":{"line":69,"column":38}},"69":{"start":{"line":70,"column":0},"end":{"line":70,"column":29}},"71":{"start":{"line":72,"column":0},"end":{"line":72,"column":57}},"72":{"start":{"line":73,"column":0},"end":{"line":73,"column":49}},"73":{"start":{"line":74,"column":0},"end":{"line":74,"column":58}},"75":{"start":{"line":76,"column":0},"end":{"line":76,"column":38}},"76":{"start":{"line":77,"column":0},"end":{"line":77,"column":29}},"78":{"start":{"line":79,"column":0},"end":{"line":79,"column":57}},"79":{"start":{"line":80,"column":0},"end":{"line":80,"column":49}},"80":{"start":{"line":81,"column":0},"end":{"line":81,"column":58}},"82":{"start":{"line":83,"column":0},"end":{"line":83,"column":38}},"83":{"start":{"line":84,"column":0},"end":{"line":84,"column":29}},"85":{"start":{"line":86,"column":0},"end":{"line":86,"column":40}},"86":{"start":{"line":87,"column":0},"end":{"line":87,"column":88}},"87":{"start":{"line":88,"column":0},"end":{"line":88,"column":119}},"88":{"start":{"line":89,"column":0},"end":{"line":89,"column":80}},"89":{"start":{"line":90,"column":0},"end":{"line":90,"column":74}},"90":{"start":{"line":91,"column":0},"end":{"line":91,"column":85}},"91":{"start":{"line":92,"column":0},"end":{"line":92,"column":115}},"93":{"start":{"line":94,"column":0},"end":{"line":94,"column":77}},"95":{"start":{"line":96,"column":0},"end":{"line":96,"column":116}},"97":{"start":{"line":98,"column":0},"end":{"line":98,"column":41}},"99":{"start":{"line":100,"column":0},"end":{"line":100,"column":37}},"100":{"start":{"line":101,"column":0},"end":{"line":101,"column":38}},"101":{"start":{"line":102,"column":0},"end":{"line":102,"column":35}},"103":{"start":{"line":104,"column":0},"end":{"line":104,"column":90}},"105":{"start":{"line":106,"column":0},"end":{"line":106,"column":95}},"107":{"start":{"line":108,"column":0},"end":{"line":108,"column":33}},"111":{"start":{"line":112,"column":0},"end":{"line":112,"column":25}},"113":{"start":{"line":114,"column":0},"end":{"line":114,"column":21}},"118":{"start":{"line":119,"column":0},"end":{"line":119,"column":17}},"119":{"start":{"line":120,"column":0},"end":{"line":120,"column":14}},"123":{"start":{"line":124,"column":0},"end":{"line":124,"column":1}},"125":{"start":{"line":126,"column":0},"end":{"line":126,"column":29}}},"s":{"0":1,"1":1,"2":1,"3":1,"4":1,"5":1,"6":1,"7":1,"9":1,"11":2,"13":2,"14":2,"16":2,"17":2,"18":2,"21":2,"23":0,"25":2,"27":2,"29":9,"31":9,"33":2,"35":2,"36":2,"38":2,"40":2,"41":2,"43":2,"45":2,"46":2,"47":2,"48":2,"49":2,"52":2,"53":2,"55":2,"57":2,"58":2,"59":2,"61":2,"62":2,"64":2,"65":2,"66":2,"68":2,"69":2,"71":2,"72":2,"73":2,"75":2,"76":2,"78":2,"79":2,"80":2,"82":2,"83":2,"85":2,"86":1,"87":1,"88":1,"89":1,"90":1,"91":1,"93":1,"95":1,"97":1,"99":1,"100":1,"101":1,"103":1,"105":1,"107":1,"111":2,"113":2,"118":2,"119":2,"123":2,"125":1},"branchMap":{"0":{"type":"branch","line":10,"loc":{"start":{"line":10,"column":23},"end":{"line":124,"column":1}},"locations":[{"start":{"line":10,"column":23},"end":{"line":124,"column":1}}]},"1":{"type":"branch","line":86,"loc":{"start":{"line":86,"column":25},"end":{"line":102,"column":35}},"locations":[{"start":{"line":86,"column":25},"end":{"line":102,"column":35}}]},"2":{"type":"branch","line":102,"loc":{"start":{"line":102,"column":28},"end":{"line":108,"column":33}},"locations":[{"start":{"line":102,"column":28},"end":{"line":108,"column":33}}]},"3":{"type":"branch","line":28,"loc":{"start":{"line":28,"column":24},"end":{"line":32,"column":5}},"locations":[{"start":{"line":28,"column":24},"end":{"line":32,"column":5}}]},"4":{"type":"branch","line":30,"loc":{"start":{"line":30,"column":38},"end":{"line":30,"column":71}},"locations":[{"start":{"line":30,"column":38},"end":{"line":30,"column":71}}]},"5":{"type":"branch","line":30,"loc":{"start":{"line":30,"column":57},"end":{"line":30,"column":73}},"locations":[{"start":{"line":30,"column":57},"end":{"line":30,"column":73}}]},"6":{"type":"branch","line":34,"loc":{"start":{"line":34,"column":33},"end":{"line":39,"column":7}},"locations":[{"start":{"line":34,"column":33},"end":{"line":39,"column":7}}]},"7":{"type":"branch","line":37,"loc":{"start":{"line":37,"column":6},"end":{"line":37,"column":39}},"locations":[{"start":{"line":37,"column":6},"end":{"line":37,"column":39}}]}},"b":{"0":[2],"1":[1],"2":[1],"3":[9],"4":[2],"5":[7],"6":[2],"7":[0]},"fnMap":{"0":{"name":"BarraNavegacao","decl":{"start":{"line":10,"column":23},"end":{"line":124,"column":1}},"loc":{"start":{"line":10,"column":23},"end":{"line":124,"column":1}},"line":10},"1":{"name":"getClasseLink","decl":{"start":{"line":28,"column":24},"end":{"line":32,"column":5}},"loc":{"start":{"line":28,"column":24},"end":{"line":32,"column":5}},"line":28},"2":{"name":"onClick","decl":{"start":{"line":48,"column":29},"end":{"line":48,"column":67}},"loc":{"start":{"line":48,"column":29},"end":{"line":48,"column":67}},"line":48},"3":{"name":"onMouseEnter","decl":{"start":{"line":88,"column":46},"end":{"line":88,"column":75}},"loc":{"start":{"line":88,"column":46},"end":{"line":88,"column":75}},"line":88},"4":{"name":"onMouseLeave","decl":{"start":{"line":88,"column":89},"end":{"line":88,"column":119}},"loc":{"start":{"line":88,"column":89},"end":{"line":88,"column":119}},"line":88}},"f":{"0":2,"1":9,"2":0,"3":0,"4":0}}
,"/home/imensuravel/projetos-react/blog/src/components/BotaoMudaTema/BotaoMudaTema.tsx": {"path":"/home/imensuravel/projetos-react/blog/src/components/BotaoMudaTema/BotaoMudaTema.tsx","all":false,"statementMap":{"0":{"start":{"line":1,"column":0},"end":{"line":1,"column":48}},"1":{"start":{"line":2,"column":0},"end":{"line":2,"column":55}},"2":{"start":{"line":3,"column":0},"end":{"line":3,"column":46}},"3":{"start":{"line":4,"column":0},"end":{"line":4,"column":40}},"5":{"start":{"line":6,"column":0},"end":{"line":6,"column":29}},"7":{"start":{"line":8,"column":0},"end":{"line":8,"column":44}},"8":{"start":{"line":9,"column":0},"end":{"line":9,"column":60}},"9":{"start":{"line":10,"column":0},"end":{"line":10,"column":35}},"10":{"start":{"line":11,"column":0},"end":{"line":11,"column":55}},"11":{"start":{"line":12,"column":0},"end":{"line":12,"column":55}},"13":{"start":{"line":14,"column":0},"end":{"line":14,"column":30}},"15":{"start":{"line":16,"column":0},"end":{"line":16,"column":49}},"17":{"start":{"line":18,"column":0},"end":{"line":18,"column":5}},"19":{"start":{"line":20,"column":0},"end":{"line":20,"column":72}},"21":{"start":{"line":22,"column":0},"end":{"line":22,"column":26}},"23":{"start":{"line":24,"column":0},"end":{"line":24,"column":54}},"24":{"start":{"line":25,"column":0},"end":{"line":25,"column":58}},"26":{"start":{"line":27,"column":0},"end":{"line":27,"column":38}},"27":{"start":{"line":28,"column":0},"end":{"line":28,"column":34}},"28":{"start":{"line":29,"column":0},"end":{"line":29,"column":52}},"29":{"start":{"line":30,"column":0},"end":{"line":30,"column":31}},"30":{"start":{"line":31,"column":0},"end":{"line":31,"column":33}},"33":{"start":{"line":34,"column":0},"end":{"line":34,"column":35}},"35":{"start":{"line":36,"column":0},"end":{"line":36,"column":63}},"36":{"start":{"line":37,"column":0},"end":{"line":37,"column":64}},"38":{"start":{"line":39,"column":0},"end":{"line":39,"column":24}},"39":{"start":{"line":40,"column":0},"end":{"line":40,"column":24}},"41":{"start":{"line":42,"column":0},"end":{"line":42,"column":46}},"42":{"start":{"line":43,"column":0},"end":{"line":43,"column":47}},"43":{"start":{"line":44,"column":0},"end":{"line":44,"column":47}},"45":{"start":{"line":46,"column":0},"end":{"line":46,"column":24}},"47":{"start":{"line":48,"column":0},"end":{"line":48,"column":36}},"48":{"start":{"line":49,"column":0},"end":{"line":49,"column":36}},"50":{"start":{"line":51,"column":0},"end":{"line":51,"column":17}},"54":{"start":{"line":55,"column":0},"end":{"line":55,"column":67}},"55":{"start":{"line":56,"column":0},"end":{"line":56,"column":67}},"57":{"start":{"line":58,"column":0},"end":{"line":58,"column":30}},"59":{"start":{"line":60,"column":0},"end":{"line":60,"column":13}},"60":{"start":{"line":61,"column":0},"end":{"line":61,"column":9}},"63":{"start":{"line":64,"column":0},"end":{"line":64,"column":54}},"65":{"start":{"line":66,"column":0},"end":{"line":66,"column":53}},"66":{"start":{"line":67,"column":0},"end":{"line":67,"column":66}},"67":{"start":{"line":68,"column":0},"end":{"line":68,"column":43}},"68":{"start":{"line":69,"column":0},"end":{"line":69,"column":35}},"69":{"start":{"line":70,"column":0},"end":{"line":70,"column":71}},"70":{"start":{"line":71,"column":0},"end":{"line":71,"column":71}},"72":{"start":{"line":73,"column":0},"end":{"line":73,"column":9}},"74":{"start":{"line":75,"column":0},"end":{"line":75,"column":83}},"75":{"start":{"line":76,"column":0},"end":{"line":76,"column":83}},"78":{"start":{"line":79,"column":0},"end":{"line":79,"column":5}},"80":{"start":{"line":81,"column":0},"end":{"line":81,"column":12}},"81":{"start":{"line":82,"column":0},"end":{"line":82,"column":78}},"82":{"start":{"line":83,"column":0},"end":{"line":83,"column":44}},"83":{"start":{"line":84,"column":0},"end":{"line":84,"column":39}},"85":{"start":{"line":86,"column":0},"end":{"line":86,"column":78}},"86":{"start":{"line":87,"column":0},"end":{"line":87,"column":57}},"87":{"start":{"line":88,"column":0},"end":{"line":88,"column":17}},"92":{"start":{"line":93,"column":0},"end":{"line":93,"column":1}},"94":{"start":{"line":95,"column":0},"end":{"line":95,"column":28}}},"s":{"0":1,"1":1,"2":1,"3":1,"5":1,"7":3,"8":3,"9":3,"10":3,"11":3,"13":3,"15":1,"17":1,"19":3,"21":1,"23":1,"24":1,"26":1,"27":1,"28":1,"29":0,"30":0,"33":0,"35":0,"36":0,"38":0,"39":0,"41":0,"42":0,"43":0,"45":0,"47":0,"48":0,"50":0,"54":0,"55":0,"57":0,"59":0,"60":0,"63":1,"65":1,"66":1,"67":1,"68":1,"69":1,"70":1,"72":1,"74":1,"75":1,"78":1,"80":3,"81":3,"82":3,"83":3,"85":3,"86":2,"87":3,"92":3,"94":1},"branchMap":{"0":{"type":"branch","line":6,"loc":{"start":{"line":6,"column":22},"end":{"line":93,"column":1}},"locations":[{"start":{"line":6,"column":22},"end":{"line":93,"column":1}}]},"1":{"type":"branch","line":86,"loc":{"start":{"line":86,"column":22},"end":{"line":86,"column":78}},"locations":[{"start":{"line":86,"column":22},"end":{"line":86,"column":78}}]},"2":{"type":"branch","line":86,"loc":{"start":{"line":86,"column":74},"end":{"line":87,"column":57}},"locations":[{"start":{"line":86,"column":74},"end":{"line":87,"column":57}}]},"3":{"type":"branch","line":14,"loc":{"start":{"line":14,"column":23},"end":{"line":18,"column":5}},"locations":[{"start":{"line":14,"column":23},"end":{"line":18,"column":5}}]},"4":{"type":"branch","line":16,"loc":{"start":{"line":16,"column":25},"end":{"line":16,"column":41}},"locations":[{"start":{"line":16,"column":25},"end":{"line":16,"column":41}}]},"5":{"type":"branch","line":20,"loc":{"start":{"line":20,"column":26},"end":{"line":79,"column":5}},"locations":[{"start":{"line":20,"column":26},"end":{"line":79,"column":5}}]},"6":{"type":"branch","line":64,"loc":{"start":{"line":64,"column":33},"end":{"line":73,"column":9}},"locations":[{"start":{"line":64,"column":33},"end":{"line":73,"column":9}}]}},"b":{"0":[3],"1":[1],"2":[2],"3":[1],"4":[0],"5":[1],"6":[1]},"fnMap":{"0":{"name":"BotaoMudaTema","decl":{"start":{"line":6,"column":22},"end":{"line":93,"column":1}},"loc":{"start":{"line":6,"column":22},"end":{"line":93,"column":1}},"line":6},"1":{"name":"handleTema","decl":{"start":{"line":14,"column":23},"end":{"line":18,"column":5}},"loc":{"start":{"line":14,"column":23},"end":{"line":18,"column":5}},"line":14},"2":{"name":"moveElemento","decl":{"start":{"line":20,"column":26},"end":{"line":79,"column":5}},"loc":{"start":{"line":20,"column":26},"end":{"line":79,"column":5}},"line":20},"3":{"name":"moverComCursor","decl":{"start":{"line":29,"column":31},"end":{"line":61,"column":9}},"loc":{"start":{"line":29,"column":31},"end":{"line":61,"column":9}},"line":29},"4":{"name":"encerraMovimento","decl":{"start":{"line":64,"column":33},"end":{"line":73,"column":9}},"loc":{"start":{"line":64,"column":33},"end":{"line":73,"column":9}},"line":64}},"f":{"0":3,"1":1,"2":1,"3":0,"4":1}}
,"/home/imensuravel/projetos-react/blog/src/components/BotaoSubmit/BotaoSubmit.tsx": {"path":"/home/imensuravel/projetos-react/blog/src/components/BotaoSubmit/BotaoSubmit.tsx","all":false,"statementMap":{"0":{"start":{"line":1,"column":0},"end":{"line":1,"column":46}},"2":{"start":{"line":3,"column":0},"end":{"line":3,"column":49}},"4":{"start":{"line":5,"column":0},"end":{"line":5,"column":12}},"6":{"start":{"line":7,"column":0},"end":{"line":7,"column":40}},"7":{"start":{"line":8,"column":0},"end":{"line":8,"column":74}},"8":{"start":{"line":9,"column":0},"end":{"line":9,"column":14}},"12":{"start":{"line":13,"column":0},"end":{"line":13,"column":1}},"14":{"start":{"line":15,"column":0},"end":{"line":15,"column":26}}},"s":{"0":1,"2":1,"4":113,"6":113,"7":113,"8":113,"12":113,"14":1},"branchMap":{"0":{"type":"branch","line":3,"loc":{"start":{"line":3,"column":20},"end":{"line":13,"column":1}},"locations":[{"start":{"line":3,"column":20},"end":{"line":13,"column":1}}]}},"b":{"0":[113]},"fnMap":{"0":{"name":"BotaoSubmit","decl":{"start":{"line":3,"column":20},"end":{"line":13,"column":1}},"loc":{"start":{"line":3,"column":20},"end":{"line":13,"column":1}},"line":3}},"f":{"0":113}}
,"/home/imensuravel/projetos-react/blog/src/components/CampoAreaInput/CampoAreaInput.tsx": {"path":"/home/imensuravel/projetos-react/blog/src/components/CampoAreaInput/CampoAreaInput.tsx","all":false,"statementMap":{"1":{"start":{"line":2,"column":0},"end":{"line":2,"column":49}},"12":{"start":{"line":13,"column":0},"end":{"line":13,"column":42}},"14":{"start":{"line":15,"column":0},"end":{"line":15,"column":52}},"16":{"start":{"line":17,"column":0},"end":{"line":17,"column":79}},"18":{"start":{"line":19,"column":0},"end":{"line":19,"column":20}},"20":{"start":{"line":21,"column":0},"end":{"line":21,"column":1}},"22":{"start":{"line":23,"column":0},"end":{"line":23,"column":81}},"25":{"start":{"line":26,"column":0},"end":{"line":26,"column":12}},"27":{"start":{"line":28,"column":0},"end":{"line":28,"column":80}},"28":{"start":{"line":29,"column":0},"end":{"line":29,"column":64}},"29":{"start":{"line":30,"column":0},"end":{"line":30,"column":97}},"30":{"start":{"line":31,"column":0},"end":{"line":31,"column":81}},"31":{"start":{"line":32,"column":0},"end":{"line":32,"column":16}},"35":{"start":{"line":36,"column":0},"end":{"line":36,"column":1}},"37":{"start":{"line":38,"column":0},"end":{"line":38,"column":29}}},"s":{"1":1,"12":1,"14":48,"16":48,"18":48,"20":48,"22":1,"25":48,"27":48,"28":48,"29":48,"30":48,"31":48,"35":48,"37":1},"branchMap":{"0":{"type":"branch","line":13,"loc":{"start":{"line":13,"column":23},"end":{"line":21,"column":1}},"locations":[{"start":{"line":13,"column":23},"end":{"line":21,"column":1}}]},"1":{"type":"branch","line":17,"loc":{"start":{"line":17,"column":67},"end":{"line":17,"column":79}},"locations":[{"start":{"line":17,"column":67},"end":{"line":17,"column":79}}]},"2":{"type":"branch","line":23,"loc":{"start":{"line":23,"column":23},"end":{"line":36,"column":1}},"locations":[{"start":{"line":23,"column":23},"end":{"line":36,"column":1}}]}},"b":{"0":[48],"1":[0],"2":[48]},"fnMap":{"0":{"name":"pegarTextoAria","decl":{"start":{"line":13,"column":23},"end":{"line":21,"column":1}},"loc":{"start":{"line":13,"column":23},"end":{"line":21,"column":1}},"line":13},"1":{"name":"CampoAreaInput","decl":{"start":{"line":23,"column":23},"end":{"line":36,"column":1}},"loc":{"start":{"line":23,"column":23},"end":{"line":36,"column":1}},"line":23}},"f":{"0":48,"1":48}}
,"/home/imensuravel/projetos-react/blog/src/components/CampoTextInput/CampoTextInput.tsx": {"path":"/home/imensuravel/projetos-react/blog/src/components/CampoTextInput/CampoTextInput.tsx","all":false,"statementMap":{"1":{"start":{"line":2,"column":0},"end":{"line":2,"column":49}},"14":{"start":{"line":15,"column":0},"end":{"line":15,"column":42}},"16":{"start":{"line":17,"column":0},"end":{"line":17,"column":52}},"18":{"start":{"line":19,"column":0},"end":{"line":19,"column":79}},"20":{"start":{"line":21,"column":0},"end":{"line":21,"column":20}},"22":{"start":{"line":23,"column":0},"end":{"line":23,"column":1}},"24":{"start":{"line":25,"column":0},"end":{"line":25,"column":90}},"26":{"start":{"line":27,"column":0},"end":{"line":27,"column":12}},"28":{"start":{"line":29,"column":0},"end":{"line":29,"column":76}},"30":{"start":{"line":31,"column":0},"end":{"line":31,"column":64}},"31":{"start":{"line":32,"column":0},"end":{"line":32,"column":83}},"32":{"start":{"line":33,"column":0},"end":{"line":33,"column":30}},"33":{"start":{"line":34,"column":0},"end":{"line":34,"column":30}},"34":{"start":{"line":35,"column":0},"end":{"line":35,"column":51}},"36":{"start":{"line":37,"column":0},"end":{"line":37,"column":16}},"40":{"start":{"line":41,"column":0},"end":{"line":41,"column":1}},"42":{"start":{"line":43,"column":0},"end":{"line":43,"column":25}}},"s":{"1":1,"14":1,"16":226,"18":226,"20":226,"22":226,"24":1,"26":226,"28":226,"30":226,"31":226,"32":226,"33":226,"34":226,"36":226,"40":226,"42":1},"branchMap":{"0":{"type":"branch","line":15,"loc":{"start":{"line":15,"column":23},"end":{"line":23,"column":1}},"locations":[{"start":{"line":15,"column":23},"end":{"line":23,"column":1}}]},"1":{"type":"branch","line":19,"loc":{"start":{"line":19,"column":67},"end":{"line":19,"column":79}},"locations":[{"start":{"line":19,"column":67},"end":{"line":19,"column":79}}]},"2":{"type":"branch","line":25,"loc":{"start":{"line":25,"column":19},"end":{"line":41,"column":1}},"locations":[{"start":{"line":25,"column":19},"end":{"line":41,"column":1}}]},"3":{"type":"branch","line":32,"loc":{"start":{"line":32,"column":56},"end":{"line":32,"column":75}},"locations":[{"start":{"line":32,"column":56},"end":{"line":32,"column":75}}]},"4":{"type":"branch","line":32,"loc":{"start":{"line":32,"column":64},"end":{"line":32,"column":83}},"locations":[{"start":{"line":32,"column":64},"end":{"line":32,"column":83}}]}},"b":{"0":[226],"1":[0],"2":[226],"3":[65],"4":[161]},"fnMap":{"0":{"name":"pegarTextoAria","decl":{"start":{"line":15,"column":23},"end":{"line":23,"column":1}},"loc":{"start":{"line":15,"column":23},"end":{"line":23,"column":1}},"line":15},"1":{"name":"CampoInput","decl":{"start":{"line":25,"column":19},"end":{"line":41,"column":1}},"loc":{"start":{"line":25,"column":19},"end":{"line":41,"column":1}},"line":25}},"f":{"0":226,"1":226}}
,"/home/imensuravel/projetos-react/blog/src/components/CarregarPost/CarregarPost.tsx": {"path":"/home/imensuravel/projetos-react/blog/src/components/CarregarPost/CarregarPost.tsx","all":false,"statementMap":{"0":{"start":{"line":1,"column":0},"end":{"line":1,"column":42}},"1":{"start":{"line":2,"column":0},"end":{"line":2,"column":43}},"2":{"start":{"line":3,"column":0},"end":{"line":3,"column":47}},"3":{"start":{"line":4,"column":0},"end":{"line":4,"column":34}},"4":{"start":{"line":5,"column":0},"end":{"line":5,"column":55}},"13":{"start":{"line":14,"column":0},"end":{"line":14,"column":23}},"15":{"start":{"line":16,"column":0},"end":{"line":16,"column":42}},"17":{"start":{"line":18,"column":0},"end":{"line":18,"column":41}},"18":{"start":{"line":19,"column":0},"end":{"line":19,"column":26}},"19":{"start":{"line":20,"column":0},"end":{"line":20,"column":16}},"23":{"start":{"line":24,"column":0},"end":{"line":24,"column":44}},"25":{"start":{"line":26,"column":0},"end":{"line":26,"column":75}},"28":{"start":{"line":29,"column":0},"end":{"line":29,"column":28}},"30":{"start":{"line":31,"column":0},"end":{"line":31,"column":1}},"32":{"start":{"line":33,"column":0},"end":{"line":33,"column":50}},"34":{"start":{"line":35,"column":0},"end":{"line":35,"column":44}},"36":{"start":{"line":37,"column":0},"end":{"line":37,"column":46}},"38":{"start":{"line":39,"column":0},"end":{"line":39,"column":26}},"40":{"start":{"line":41,"column":0},"end":{"line":41,"column":1}},"42":{"start":{"line":43,"column":0},"end":{"line":43,"column":65}},"44":{"start":{"line":45,"column":0},"end":{"line":45,"column":48}},"45":{"start":{"line":46,"column":0},"end":{"line":46,"column":39}},"47":{"start":{"line":48,"column":0},"end":{"line":48,"column":21}},"49":{"start":{"line":50,"column":0},"end":{"line":50,"column":43}},"51":{"start":{"line":52,"column":0},"end":{"line":52,"column":69}},"53":{"start":{"line":54,"column":0},"end":{"line":54,"column":86}},"55":{"start":{"line":56,"column":0},"end":{"line":56,"column":9}},"57":{"start":{"line":58,"column":0},"end":{"line":58,"column":23}},"59":{"start":{"line":60,"column":0},"end":{"line":60,"column":14}},"61":{"start":{"line":62,"column":0},"end":{"line":62,"column":12}},"62":{"start":{"line":63,"column":0},"end":{"line":63,"column":10}},"63":{"start":{"line":64,"column":0},"end":{"line":64,"column":104}},"64":{"start":{"line":65,"column":0},"end":{"line":65,"column":11}},"68":{"start":{"line":69,"column":0},"end":{"line":69,"column":1}},"70":{"start":{"line":71,"column":0},"end":{"line":71,"column":27}}},"s":{"0":1,"1":1,"2":1,"3":1,"4":1,"13":1,"15":1,"17":7,"18":7,"19":7,"23":1,"25":2,"28":1,"30":1,"32":1,"34":7,"36":3,"38":7,"40":7,"42":1,"44":17,"45":17,"47":17,"49":11,"51":11,"53":11,"55":11,"57":11,"59":17,"61":17,"62":17,"63":17,"64":17,"68":17,"70":1},"branchMap":{"0":{"type":"branch","line":16,"loc":{"start":{"line":16,"column":11},"end":{"line":20,"column":16}},"locations":[{"start":{"line":16,"column":11},"end":{"line":20,"column":16}}]},"1":{"type":"branch","line":24,"loc":{"start":{"line":24,"column":13},"end":{"line":26,"column":75}},"locations":[{"start":{"line":24,"column":13},"end":{"line":26,"column":75}}]},"2":{"type":"branch","line":33,"loc":{"start":{"line":33,"column":23},"end":{"line":41,"column":1}},"locations":[{"start":{"line":33,"column":23},"end":{"line":41,"column":1}}]},"3":{"type":"branch","line":35,"loc":{"start":{"line":35,"column":35},"end":{"line":39,"column":25}},"locations":[{"start":{"line":35,"column":35},"end":{"line":39,"column":25}}]},"4":{"type":"branch","line":35,"loc":{"start":{"line":35,"column":35},"end":{"line":35,"column":44}},"locations":[{"start":{"line":35,"column":35},"end":{"line":35,"column":44}}]},"5":{"type":"branch","line":35,"loc":{"start":{"line":35,"column":42},"end":{"line":39,"column":25}},"locations":[{"start":{"line":35,"column":42},"end":{"line":39,"column":25}}]},"6":{"type":"branch","line":43,"loc":{"start":{"line":43,"column":21},"end":{"line":69,"column":1}},"locations":[{"start":{"line":43,"column":21},"end":{"line":69,"column":1}}]},"7":{"type":"branch","line":48,"loc":{"start":{"line":48,"column":14},"end":{"line":60,"column":7}},"locations":[{"start":{"line":48,"column":14},"end":{"line":60,"column":7}}]},"8":{"type":"branch","line":50,"loc":{"start":{"line":50,"column":30},"end":{"line":56,"column":9}},"locations":[{"start":{"line":50,"column":30},"end":{"line":56,"column":9}}]},"9":{"type":"branch","line":54,"loc":{"start":{"line":54,"column":12},"end":{"line":54,"column":52}},"locations":[{"start":{"line":54,"column":12},"end":{"line":54,"column":52}}]},"10":{"type":"branch","line":54,"loc":{"start":{"line":54,"column":48},"end":{"line":54,"column":86}},"locations":[{"start":{"line":54,"column":48},"end":{"line":54,"column":86}}]}},"b":{"0":[7],"1":[2],"2":[7],"3":[6],"4":[4],"5":[3],"6":[17],"7":[11],"8":[11],"9":[4],"10":[7]},"fnMap":{"0":{"name":"p","decl":{"start":{"line":16,"column":11},"end":{"line":20,"column":16}},"loc":{"start":{"line":16,"column":11},"end":{"line":20,"column":16}},"line":16},"1":{"name":"pre","decl":{"start":{"line":24,"column":13},"end":{"line":26,"column":75}},"loc":{"start":{"line":24,"column":13},"end":{"line":26,"column":75}},"line":24},"2":{"name":"verificaString","decl":{"start":{"line":33,"column":23},"end":{"line":41,"column":1}},"loc":{"start":{"line":33,"column":23},"end":{"line":41,"column":1}},"line":33},"3":{"name":"CarregarPost","decl":{"start":{"line":43,"column":21},"end":{"line":69,"column":1}},"loc":{"start":{"line":43,"column":21},"end":{"line":69,"column":1}},"line":43},"4":{"name":"carregarDados","decl":{"start":{"line":50,"column":30},"end":{"line":56,"column":9}},"loc":{"start":{"line":50,"column":30},"end":{"line":56,"column":9}},"line":50}},"f":{"0":7,"1":2,"2":7,"3":17,"4":11}}
,"/home/imensuravel/projetos-react/blog/src/components/CarregarPost/CodigoFormatado.tsx": {"path":"/home/imensuravel/projetos-react/blog/src/components/CarregarPost/CodigoFormatado.tsx","all":false,"statementMap":{"1":{"start":{"line":2,"column":0},"end":{"line":2,"column":69}},"2":{"start":{"line":3,"column":0},"end":{"line":3,"column":72}},"14":{"start":{"line":15,"column":0},"end":{"line":15,"column":89}},"15":{"start":{"line":16,"column":0},"end":{"line":16,"column":60}},"18":{"start":{"line":19,"column":0},"end":{"line":19,"column":44}},"19":{"start":{"line":20,"column":0},"end":{"line":20,"column":93}},"20":{"start":{"line":21,"column":0},"end":{"line":21,"column":83}},"24":{"start":{"line":25,"column":0},"end":{"line":25,"column":31}},"25":{"start":{"line":26,"column":0},"end":{"line":26,"column":42}},"27":{"start":{"line":28,"column":0},"end":{"line":28,"column":16}},"28":{"start":{"line":29,"column":0},"end":{"line":29,"column":30}},"29":{"start":{"line":30,"column":0},"end":{"line":30,"column":31}},"30":{"start":{"line":31,"column":0},"end":{"line":31,"column":40}},"31":{"start":{"line":32,"column":0},"end":{"line":32,"column":28}},"32":{"start":{"line":33,"column":0},"end":{"line":33,"column":79}},"33":{"start":{"line":34,"column":0},"end":{"line":34,"column":67}},"34":{"start":{"line":35,"column":0},"end":{"line":35,"column":26}},"36":{"start":{"line":37,"column":0},"end":{"line":37,"column":26}},"37":{"start":{"line":38,"column":0},"end":{"line":38,"column":32}},"39":{"start":{"line":40,"column":0},"end":{"line":40,"column":5}},"42":{"start":{"line":43,"column":0},"end":{"line":43,"column":12}},"43":{"start":{"line":44,"column":0},"end":{"line":44,"column":47}},"44":{"start":{"line":45,"column":0},"end":{"line":45,"column":22}},"45":{"start":{"line":46,"column":0},"end":{"line":46,"column":15}},"47":{"start":{"line":48,"column":0},"end":{"line":48,"column":1}},"49":{"start":{"line":50,"column":0},"end":{"line":50,"column":30}}},"s":{"1":1,"2":1,"14":1,"15":6,"18":6,"19":0,"20":6,"24":6,"25":4,"27":4,"28":4,"29":4,"30":4,"31":4,"32":4,"33":4,"34":4,"36":4,"37":4,"39":4,"42":2,"43":2,"44":2,"45":2,"47":2,"49":1},"branchMap":{"0":{"type":"branch","line":15,"loc":{"start":{"line":15,"column":28},"end":{"line":48,"column":1}},"locations":[{"start":{"line":15,"column":28},"end":{"line":48,"column":1}}]},"1":{"type":"branch","line":16,"loc":{"start":{"line":16,"column":44},"end":{"line":16,"column":59}},"locations":[{"start":{"line":16,"column":44},"end":{"line":16,"column":59}}]},"2":{"type":"branch","line":19,"loc":{"start":{"line":19,"column":43},"end":{"line":20,"column":93}},"locations":[{"start":{"line":19,"column":43},"end":{"line":20,"column":93}}]},"3":{"type":"branch","line":21,"loc":{"start":{"line":21,"column":17},"end":{"line":21,"column":31}},"locations":[{"start":{"line":21,"column":17},"end":{"line":21,"column":31}}]},"4":{"type":"branch","line":25,"loc":{"start":{"line":25,"column":9},"end":{"line":25,"column":30}},"locations":[{"start":{"line":25,"column":9},"end":{"line":25,"column":30}}]},"5":{"type":"branch","line":25,"loc":{"start":{"line":25,"column":30},"end":{"line":48,"column":1}},"locations":[{"start":{"line":25,"column":30},"end":{"line":48,"column":1}}]},"6":{"type":"branch","line":40,"loc":{"start":{"line":40,"column":4},"end":{"line":48,"column":1}},"locations":[{"start":{"line":40,"column":4},"end":{"line":48,"column":1}}]}},"b":{"0":[6],"1":[0],"2":[0],"3":[0],"4":[5],"5":[4],"6":[2]},"fnMap":{"0":{"name":"CodigoFormatado","decl":{"start":{"line":15,"column":28},"end":{"line":48,"column":1}},"loc":{"start":{"line":15,"column":28},"end":{"line":48,"column":1}},"line":15}},"f":{"0":6}}
,"/home/imensuravel/projetos-react/blog/src/components/Comentarios/Comentarios.tsx": {"path":"/home/imensuravel/projetos-react/blog/src/components/Comentarios/Comentarios.tsx","all":false,"statementMap":{"0":{"start":{"line":1,"column":0},"end":{"line":1,"column":43}},"1":{"start":{"line":2,"column":0},"end":{"line":2,"column":48}},"2":{"start":{"line":3,"column":0},"end":{"line":3,"column":46}},"10":{"start":{"line":11,"column":0},"end":{"line":11,"column":54}},"13":{"start":{"line":14,"column":0},"end":{"line":14,"column":28}},"15":{"start":{"line":16,"column":0},"end":{"line":16,"column":49}},"16":{"start":{"line":17,"column":0},"end":{"line":17,"column":68}},"17":{"start":{"line":18,"column":0},"end":{"line":18,"column":77}},"18":{"start":{"line":19,"column":0},"end":{"line":19,"column":6}},"20":{"start":{"line":21,"column":0},"end":{"line":21,"column":5}},"22":{"start":{"line":23,"column":0},"end":{"line":23,"column":1}},"24":{"start":{"line":25,"column":0},"end":{"line":25,"column":42}},"25":{"start":{"line":26,"column":0},"end":{"line":26,"column":66}},"26":{"start":{"line":27,"column":0},"end":{"line":27,"column":33}},"27":{"start":{"line":28,"column":0},"end":{"line":28,"column":12}},"29":{"start":{"line":30,"column":0},"end":{"line":30,"column":68}},"31":{"start":{"line":32,"column":0},"end":{"line":32,"column":32}},"33":{"start":{"line":34,"column":0},"end":{"line":34,"column":68}},"35":{"start":{"line":36,"column":0},"end":{"line":36,"column":70}},"37":{"start":{"line":38,"column":0},"end":{"line":38,"column":79}},"38":{"start":{"line":39,"column":0},"end":{"line":39,"column":53}},"39":{"start":{"line":40,"column":0},"end":{"line":40,"column":79}},"40":{"start":{"line":41,"column":0},"end":{"line":41,"column":77}},"42":{"start":{"line":43,"column":0},"end":{"line":43,"column":74}},"44":{"start":{"line":45,"column":0},"end":{"line":45,"column":88}},"46":{"start":{"line":47,"column":0},"end":{"line":47,"column":28}},"47":{"start":{"line":48,"column":0},"end":{"line":48,"column":51}},"49":{"start":{"line":50,"column":0},"end":{"line":50,"column":27}},"50":{"start":{"line":51,"column":0},"end":{"line":51,"column":85}},"52":{"start":{"line":53,"column":0},"end":{"line":53,"column":39}},"54":{"start":{"line":55,"column":0},"end":{"line":55,"column":24}},"57":{"start":{"line":58,"column":0},"end":{"line":58,"column":27}},"59":{"start":{"line":60,"column":0},"end":{"line":60,"column":19}},"61":{"start":{"line":62,"column":0},"end":{"line":62,"column":64}},"64":{"start":{"line":65,"column":0},"end":{"line":65,"column":18}},"68":{"start":{"line":69,"column":0},"end":{"line":69,"column":1}},"70":{"start":{"line":71,"column":0},"end":{"line":71,"column":26}}},"s":{"0":1,"1":1,"2":1,"10":1,"13":5,"15":2,"16":2,"17":3,"18":2,"20":2,"22":5,"24":1,"25":8,"26":8,"27":8,"29":8,"31":8,"33":8,"35":5,"37":5,"38":5,"39":5,"40":5,"42":5,"44":22,"46":5,"47":5,"49":5,"50":5,"52":5,"54":5,"57":5,"59":3,"61":5,"64":8,"68":8,"70":1},"branchMap":{"0":{"type":"branch","line":11,"loc":{"start":{"line":11,"column":28},"end":{"line":23,"column":1}},"locations":[{"start":{"line":11,"column":28},"end":{"line":23,"column":1}}]},"1":{"type":"branch","line":14,"loc":{"start":{"line":14,"column":27},"end":{"line":21,"column":5}},"locations":[{"start":{"line":14,"column":27},"end":{"line":21,"column":5}}]},"2":{"type":"branch","line":17,"loc":{"start":{"line":17,"column":55},"end":{"line":18,"column":77}},"locations":[{"start":{"line":17,"column":55},"end":{"line":18,"column":77}}]},"3":{"type":"branch","line":25,"loc":{"start":{"line":25,"column":20},"end":{"line":69,"column":1}},"locations":[{"start":{"line":25,"column":20},"end":{"line":69,"column":1}}]},"4":{"type":"branch","line":34,"loc":{"start":{"line":34,"column":28},"end":{"line":60,"column":19}},"locations":[{"start":{"line":34,"column":28},"end":{"line":60,"column":19}}]},"5":{"type":"branch","line":60,"loc":{"start":{"line":60,"column":16},"end":{"line":62,"column":64}},"locations":[{"start":{"line":60,"column":16},"end":{"line":62,"column":64}}]},"6":{"type":"branch","line":34,"loc":{"start":{"line":34,"column":42},"end":{"line":58,"column":27}},"locations":[{"start":{"line":34,"column":42},"end":{"line":58,"column":27}}]},"7":{"type":"branch","line":43,"loc":{"start":{"line":43,"column":61},"end":{"line":45,"column":88}},"locations":[{"start":{"line":43,"column":61},"end":{"line":45,"column":88}}]}},"b":{"0":[5],"1":[2],"2":[3],"3":[8],"4":[3],"5":[5],"6":[5],"7":[22]},"fnMap":{"0":{"name":"gerarEstrelasVazias","decl":{"start":{"line":11,"column":28},"end":{"line":23,"column":1}},"loc":{"start":{"line":11,"column":28},"end":{"line":23,"column":1}},"line":11},"1":{"name":"Comentarios","decl":{"start":{"line":25,"column":20},"end":{"line":69,"column":1}},"loc":{"start":{"line":25,"column":20},"end":{"line":69,"column":1}},"line":25}},"f":{"0":5,"1":8}}
,"/home/imensuravel/projetos-react/blog/src/components/Formulario/Formulario.tsx": {"path":"/home/imensuravel/projetos-react/blog/src/components/Formulario/Formulario.tsx","all":false,"statementMap":{"1":{"start":{"line":2,"column":0},"end":{"line":2,"column":45}},"10":{"start":{"line":11,"column":0},"end":{"line":11,"column":57}},"12":{"start":{"line":13,"column":0},"end":{"line":13,"column":12}},"14":{"start":{"line":15,"column":0},"end":{"line":15,"column":81}},"16":{"start":{"line":17,"column":0},"end":{"line":17,"column":26}},"18":{"start":{"line":19,"column":0},"end":{"line":19,"column":15}},"22":{"start":{"line":23,"column":0},"end":{"line":23,"column":1}},"24":{"start":{"line":25,"column":0},"end":{"line":25,"column":25}}},"s":{"1":1,"10":1,"12":113,"14":113,"16":113,"18":113,"22":113,"24":1},"branchMap":{"0":{"type":"branch","line":11,"loc":{"start":{"line":11,"column":19},"end":{"line":23,"column":1}},"locations":[{"start":{"line":11,"column":19},"end":{"line":23,"column":1}}]}},"b":{"0":[113]},"fnMap":{"0":{"name":"Formulario","decl":{"start":{"line":11,"column":19},"end":{"line":23,"column":1}},"loc":{"start":{"line":11,"column":19},"end":{"line":23,"column":1}},"line":11}},"f":{"0":113}}
,"/home/imensuravel/projetos-react/blog/src/components/FormularioComentario/FormularioComentario.tsx": {"path":"/home/imensuravel/projetos-react/blog/src/components/FormularioComentario/FormularioComentario.tsx","all":false,"statementMap":{"0":{"start":{"line":1,"column":0},"end":{"line":1,"column":49}},"1":{"start":{"line":2,"column":0},"end":{"line":2,"column":61}},"2":{"start":{"line":3,"column":0},"end":{"line":3,"column":55}},"3":{"start":{"line":4,"column":0},"end":{"line":4,"column":50}},"4":{"start":{"line":5,"column":0},"end":{"line":5,"column":81}},"5":{"start":{"line":6,"column":0},"end":{"line":6,"column":52}},"6":{"start":{"line":7,"column":0},"end":{"line":7,"column":63}},"7":{"start":{"line":8,"column":0},"end":{"line":8,"column":34}},"8":{"start":{"line":9,"column":0},"end":{"line":9,"column":55}},"9":{"start":{"line":10,"column":0},"end":{"line":10,"column":61}},"10":{"start":{"line":11,"column":0},"end":{"line":11,"column":75}},"14":{"start":{"line":15,"column":0},"end":{"line":15,"column":72}},"16":{"start":{"line":17,"column":0},"end":{"line":17,"column":53}},"17":{"start":{"line":18,"column":0},"end":{"line":18,"column":63}},"18":{"start":{"line":19,"column":0},"end":{"line":19,"column":63}},"19":{"start":{"line":20,"column":0},"end":{"line":20,"column":52}},"20":{"start":{"line":21,"column":0},"end":{"line":21,"column":54}},"21":{"start":{"line":22,"column":0},"end":{"line":22,"column":51}},"24":{"start":{"line":25,"column":0},"end":{"line":25,"column":44}},"25":{"start":{"line":26,"column":0},"end":{"line":26,"column":52}},"27":{"start":{"line":28,"column":0},"end":{"line":28,"column":53}},"29":{"start":{"line":30,"column":0},"end":{"line":30,"column":54}},"31":{"start":{"line":32,"column":0},"end":{"line":32,"column":59}},"33":{"start":{"line":34,"column":0},"end":{"line":34,"column":9}},"35":{"start":{"line":36,"column":0},"end":{"line":36,"column":5}},"37":{"start":{"line":38,"column":0},"end":{"line":38,"column":53}},"39":{"start":{"line":40,"column":0},"end":{"line":40,"column":32}},"41":{"start":{"line":42,"column":0},"end":{"line":42,"column":6}},"43":{"start":{"line":44,"column":0},"end":{"line":44,"column":43}},"44":{"start":{"line":45,"column":0},"end":{"line":45,"column":55}},"45":{"start":{"line":46,"column":0},"end":{"line":46,"column":26}},"47":{"start":{"line":48,"column":0},"end":{"line":48,"column":31}},"49":{"start":{"line":50,"column":0},"end":{"line":50,"column":38}},"50":{"start":{"line":51,"column":0},"end":{"line":51,"column":18}},"51":{"start":{"line":52,"column":0},"end":{"line":52,"column":9}},"53":{"start":{"line":54,"column":0},"end":{"line":54,"column":34}},"55":{"start":{"line":56,"column":0},"end":{"line":56,"column":64}},"57":{"start":{"line":58,"column":0},"end":{"line":58,"column":9}},"59":{"start":{"line":60,"column":0},"end":{"line":60,"column":22}},"61":{"start":{"line":62,"column":0},"end":{"line":62,"column":47}},"62":{"start":{"line":63,"column":0},"end":{"line":63,"column":75}},"63":{"start":{"line":64,"column":0},"end":{"line":64,"column":50}},"66":{"start":{"line":67,"column":0},"end":{"line":67,"column":12}},"69":{"start":{"line":70,"column":0},"end":{"line":70,"column":5}},"71":{"start":{"line":72,"column":0},"end":{"line":72,"column":63}},"73":{"start":{"line":74,"column":0},"end":{"line":74,"column":33}},"75":{"start":{"line":76,"column":0},"end":{"line":76,"column":5}},"77":{"start":{"line":78,"column":0},"end":{"line":78,"column":70}},"79":{"start":{"line":80,"column":0},"end":{"line":80,"column":37}},"81":{"start":{"line":82,"column":0},"end":{"line":82,"column":5}},"83":{"start":{"line":84,"column":0},"end":{"line":84,"column":21}},"85":{"start":{"line":86,"column":0},"end":{"line":86,"column":27}},"87":{"start":{"line":88,"column":0},"end":{"line":88,"column":51}},"89":{"start":{"line":90,"column":0},"end":{"line":90,"column":34}},"91":{"start":{"line":92,"column":0},"end":{"line":92,"column":61}},"93":{"start":{"line":94,"column":0},"end":{"line":94,"column":82}},"95":{"start":{"line":96,"column":0},"end":{"line":96,"column":18}},"96":{"start":{"line":97,"column":0},"end":{"line":97,"column":13}},"98":{"start":{"line":99,"column":0},"end":{"line":99,"column":92}},"100":{"start":{"line":101,"column":0},"end":{"line":101,"column":61}},"102":{"start":{"line":103,"column":0},"end":{"line":103,"column":69}},"103":{"start":{"line":104,"column":0},"end":{"line":104,"column":28}},"105":{"start":{"line":106,"column":0},"end":{"line":106,"column":14}},"107":{"start":{"line":108,"column":0},"end":{"line":108,"column":32}},"109":{"start":{"line":110,"column":0},"end":{"line":110,"column":10}},"111":{"start":{"line":112,"column":0},"end":{"line":112,"column":23}},"113":{"start":{"line":114,"column":0},"end":{"line":114,"column":21}},"114":{"start":{"line":115,"column":0},"end":{"line":115,"column":22}},"116":{"start":{"line":117,"column":0},"end":{"line":117,"column":67}},"117":{"start":{"line":118,"column":0},"end":{"line":118,"column":83}},"119":{"start":{"line":120,"column":0},"end":{"line":120,"column":69}},"120":{"start":{"line":121,"column":0},"end":{"line":121,"column":57}},"121":{"start":{"line":122,"column":0},"end":{"line":122,"column":54}},"122":{"start":{"line":123,"column":0},"end":{"line":123,"column":60}},"123":{"start":{"line":124,"column":0},"end":{"line":124,"column":61}},"125":{"start":{"line":126,"column":0},"end":{"line":126,"column":17}},"127":{"start":{"line":128,"column":0},"end":{"line":128,"column":22}},"129":{"start":{"line":130,"column":0},"end":{"line":130,"column":14}},"133":{"start":{"line":134,"column":0},"end":{"line":134,"column":12}},"134":{"start":{"line":135,"column":0},"end":{"line":135,"column":10}},"136":{"start":{"line":137,"column":0},"end":{"line":137,"column":12}},"137":{"start":{"line":138,"column":0},"end":{"line":138,"column":10}},"138":{"start":{"line":139,"column":0},"end":{"line":139,"column":48}},"139":{"start":{"line":140,"column":0},"end":{"line":140,"column":71}},"140":{"start":{"line":141,"column":0},"end":{"line":141,"column":53}},"142":{"start":{"line":143,"column":0},"end":{"line":143,"column":50}},"144":{"start":{"line":145,"column":0},"end":{"line":145,"column":28}},"145":{"start":{"line":146,"column":0},"end":{"line":146,"column":69}},"146":{"start":{"line":147,"column":0},"end":{"line":147,"column":54}},"147":{"start":{"line":148,"column":0},"end":{"line":148,"column":60}},"148":{"start":{"line":149,"column":0},"end":{"line":149,"column":98}},"149":{"start":{"line":150,"column":0},"end":{"line":150,"column":31}},"150":{"start":{"line":151,"column":0},"end":{"line":151,"column":26}},"152":{"start":{"line":153,"column":0},"end":{"line":153,"column":19}},"153":{"start":{"line":154,"column":0},"end":{"line":154,"column":17}},"155":{"start":{"line":156,"column":0},"end":{"line":156,"column":71}},"156":{"start":{"line":157,"column":0},"end":{"line":157,"column":66}},"157":{"start":{"line":158,"column":0},"end":{"line":158,"column":82}},"158":{"start":{"line":159,"column":0},"end":{"line":159,"column":79}},"159":{"start":{"line":160,"column":0},"end":{"line":160,"column":41}},"160":{"start":{"line":161,"column":0},"end":{"line":161,"column":21}},"161":{"start":{"line":162,"column":0},"end":{"line":162,"column":73}},"162":{"start":{"line":163,"column":0},"end":{"line":163,"column":54}},"163":{"start":{"line":164,"column":0},"end":{"line":164,"column":11}},"167":{"start":{"line":168,"column":0},"end":{"line":168,"column":1}},"169":{"start":{"line":170,"column":0},"end":{"line":170,"column":35}}},"s":{"0":1,"1":1,"2":1,"3":1,"4":1,"5":1,"6":1,"7":1,"8":1,"9":1,"10":1,"14":1,"16":45,"17":45,"18":45,"19":45,"20":45,"21":45,"24":45,"25":45,"27":45,"29":205,"31":15,"33":15,"35":205,"37":45,"39":1,"41":1,"43":45,"44":0,"45":0,"47":0,"49":0,"50":0,"51":0,"53":0,"55":0,"57":0,"59":0,"61":0,"62":0,"63":0,"66":0,"69":0,"71":45,"73":16,"75":16,"77":45,"79":18,"81":18,"83":45,"85":5,"87":5,"89":5,"91":1,"93":5,"95":1,"96":1,"98":5,"100":5,"102":20,"103":20,"105":5,"107":5,"109":5,"111":45,"113":45,"114":4,"116":4,"117":4,"119":4,"120":1,"121":1,"122":1,"123":1,"125":1,"127":4,"129":4,"133":4,"134":45,"136":45,"137":45,"138":45,"139":45,"140":45,"142":45,"144":205,"145":205,"146":205,"147":205,"148":205,"149":205,"150":205,"152":45,"153":45,"155":45,"156":45,"157":45,"158":45,"159":45,"160":45,"161":45,"162":45,"163":45,"167":45,"169":1},"branchMap":{"0":{"type":"branch","line":15,"loc":{"start":{"line":15,"column":29},"end":{"line":168,"column":1}},"locations":[{"start":{"line":15,"column":29},"end":{"line":168,"column":1}}]},"1":{"type":"branch","line":28,"loc":{"start":{"line":28,"column":33},"end":{"line":36,"column":5}},"locations":[{"start":{"line":28,"column":33},"end":{"line":36,"column":5}}]},"2":{"type":"branch","line":30,"loc":{"start":{"line":30,"column":23},"end":{"line":30,"column":53}},"locations":[{"start":{"line":30,"column":23},"end":{"line":30,"column":53}}]},"3":{"type":"branch","line":30,"loc":{"start":{"line":30,"column":53},"end":{"line":34,"column":9}},"locations":[{"start":{"line":30,"column":53},"end":{"line":34,"column":9}}]},"4":{"type":"branch","line":32,"loc":{"start":{"line":32,"column":47},"end":{"line":32,"column":59}},"locations":[{"start":{"line":32,"column":47},"end":{"line":32,"column":59}}]},"5":{"type":"branch","line":38,"loc":{"start":{"line":38,"column":27},"end":{"line":42,"column":6}},"locations":[{"start":{"line":38,"column":27},"end":{"line":42,"column":6}}]},"6":{"type":"branch","line":38,"loc":{"start":{"line":38,"column":46},"end":{"line":42,"column":6}},"locations":[{"start":{"line":38,"column":46},"end":{"line":42,"column":6}}]},"7":{"type":"branch","line":72,"loc":{"start":{"line":72,"column":25},"end":{"line":76,"column":5}},"locations":[{"start":{"line":72,"column":25},"end":{"line":76,"column":5}}]},"8":{"type":"branch","line":78,"loc":{"start":{"line":78,"column":29},"end":{"line":82,"column":5}},"locations":[{"start":{"line":78,"column":29},"end":{"line":82,"column":5}}]},"9":{"type":"branch","line":84,"loc":{"start":{"line":84,"column":14},"end":{"line":112,"column":7}},"locations":[{"start":{"line":84,"column":14},"end":{"line":112,"column":7}}]},"10":{"type":"branch","line":86,"loc":{"start":{"line":86,"column":20},"end":{"line":110,"column":9}},"locations":[{"start":{"line":86,"column":20},"end":{"line":110,"column":9}}]},"11":{"type":"branch","line":90,"loc":{"start":{"line":90,"column":33},"end":{"line":97,"column":13}},"locations":[{"start":{"line":90,"column":33},"end":{"line":97,"column":13}}]},"12":{"type":"branch","line":99,"loc":{"start":{"line":99,"column":60},"end":{"line":99,"column":91}},"locations":[{"start":{"line":99,"column":60},"end":{"line":99,"column":91}}]},"13":{"type":"branch","line":99,"loc":{"start":{"line":99,"column":82},"end":{"line":99,"column":92}},"locations":[{"start":{"line":99,"column":82},"end":{"line":99,"column":92}}]},"14":{"type":"branch","line":92,"loc":{"start":{"line":92,"column":50},"end":{"line":96,"column":17}},"locations":[{"start":{"line":92,"column":50},"end":{"line":96,"column":17}}]},"15":{"type":"branch","line":101,"loc":{"start":{"line":101,"column":50},"end":{"line":106,"column":13}},"locations":[{"start":{"line":101,"column":50},"end":{"line":106,"column":13}}]},"16":{"type":"branch","line":114,"loc":{"start":{"line":114,"column":14},"end":{"line":135,"column":7}},"locations":[{"start":{"line":114,"column":14},"end":{"line":135,"column":7}}]},"17":{"type":"branch","line":115,"loc":{"start":{"line":115,"column":9},"end":{"line":134,"column":11}},"locations":[{"start":{"line":115,"column":9},"end":{"line":134,"column":11}}]},"18":{"type":"branch","line":118,"loc":{"start":{"line":118,"column":29},"end":{"line":118,"column":51}},"locations":[{"start":{"line":118,"column":29},"end":{"line":118,"column":51}}]},"19":{"type":"branch","line":118,"loc":{"start":{"line":118,"column":60},"end":{"line":130,"column":13}},"locations":[{"start":{"line":118,"column":60},"end":{"line":130,"column":13}}]},"20":{"type":"branch","line":120,"loc":{"start":{"line":120,"column":19},"end":{"line":120,"column":68}},"locations":[{"start":{"line":120,"column":19},"end":{"line":120,"column":68}}]},"21":{"type":"branch","line":120,"loc":{"start":{"line":120,"column":68},"end":{"line":126,"column":17}},"locations":[{"start":{"line":120,"column":68},"end":{"line":126,"column":17}}]},"22":{"type":"branch","line":143,"loc":{"start":{"line":143,"column":30},"end":{"line":153,"column":17}},"locations":[{"start":{"line":143,"column":30},"end":{"line":153,"column":17}}]},"23":{"type":"branch","line":149,"loc":{"start":{"line":149,"column":34},"end":{"line":149,"column":60}},"locations":[{"start":{"line":149,"column":34},"end":{"line":149,"column":60}}]}},"b":{"0":[45],"1":[205],"2":[190],"3":[15],"4":[0],"5":[205],"6":[1],"7":[16],"8":[18],"9":[5],"10":[5],"11":[1],"12":[1],"13":[4],"14":[5],"15":[20],"16":[4],"17":[4],"18":[3],"19":[4],"20":[2],"21":[1],"22":[205],"23":[1]},"fnMap":{"0":{"name":"FormularioComentario","decl":{"start":{"line":15,"column":29},"end":{"line":168,"column":1}},"loc":{"start":{"line":15,"column":29},"end":{"line":168,"column":1}},"line":15},"1":{"name":"classeEstrelaHovered","decl":{"start":{"line":28,"column":33},"end":{"line":36,"column":5}},"loc":{"start":{"line":28,"column":33},"end":{"line":36,"column":5}},"line":28},"2":{"name":"handleEstrelas","decl":{"start":{"line":38,"column":27},"end":{"line":42,"column":6}},"loc":{"start":{"line":38,"column":27},"end":{"line":42,"column":6}},"line":38},"3":{"name":"handleSubmit","decl":{"start":{"line":44,"column":25},"end":{"line":70,"column":5}},"loc":{"start":{"line":44,"column":25},"end":{"line":70,"column":5}},"line":44},"4":{"name":"changeTitulo","decl":{"start":{"line":72,"column":25},"end":{"line":76,"column":5}},"loc":{"start":{"line":72,"column":25},"end":{"line":76,"column":5}},"line":72},"5":{"name":"changeComentario","decl":{"start":{"line":78,"column":29},"end":{"line":82,"column":5}},"loc":{"start":{"line":78,"column":29},"end":{"line":82,"column":5}},"line":78},"6":{"name":"onMouseEnter","decl":{"start":{"line":149,"column":34},"end":{"line":149,"column":60}},"loc":{"start":{"line":149,"column":34},"end":{"line":149,"column":60}},"line":149},"7":{"name":"onMouseLeave","decl":{"start":{"line":149,"column":74},"end":{"line":149,"column":98}},"loc":{"start":{"line":149,"column":74},"end":{"line":149,"column":98}},"line":149}},"f":{"0":45,"1":205,"2":205,"3":0,"4":16,"5":18,"6":1,"7":0}}
,"/home/imensuravel/projetos-react/blog/src/components/LinkAlternativo/LinkAlternativo.tsx": {"path":"/home/imensuravel/projetos-react/blog/src/components/LinkAlternativo/LinkAlternativo.tsx","all":false,"statementMap":{"0":{"start":{"line":1,"column":0},"end":{"line":1,"column":40}},"1":{"start":{"line":2,"column":0},"end":{"line":2,"column":50}},"10":{"start":{"line":11,"column":0},"end":{"line":11,"column":54}},"12":{"start":{"line":13,"column":0},"end":{"line":13,"column":12}},"14":{"start":{"line":15,"column":0},"end":{"line":15,"column":83}},"15":{"start":{"line":16,"column":0},"end":{"line":16,"column":70}},"16":{"start":{"line":17,"column":0},"end":{"line":17,"column":14}},"20":{"start":{"line":21,"column":0},"end":{"line":21,"column":1}},"22":{"start":{"line":23,"column":0},"end":{"line":23,"column":30}}},"s":{"0":1,"1":1,"10":1,"12":21,"14":21,"15":21,"16":21,"20":21,"22":1},"branchMap":{"0":{"type":"branch","line":11,"loc":{"start":{"line":11,"column":24},"end":{"line":21,"column":1}},"locations":[{"start":{"line":11,"column":24},"end":{"line":21,"column":1}}]}},"b":{"0":[21]},"fnMap":{"0":{"name":"LinkAlternativo","decl":{"start":{"line":11,"column":24},"end":{"line":21,"column":1}},"loc":{"start":{"line":11,"column":24},"end":{"line":21,"column":1}},"line":11}},"f":{"0":21}}
,"/home/imensuravel/projetos-react/blog/src/components/Loading/Loading.tsx": {"path":"/home/imensuravel/projetos-react/blog/src/components/Loading/Loading.tsx","all":false,"statementMap":{"0":{"start":{"line":1,"column":0},"end":{"line":1,"column":61}},"1":{"start":{"line":2,"column":0},"end":{"line":2,"column":42}},"2":{"start":{"line":3,"column":0},"end":{"line":3,"column":42}},"4":{"start":{"line":5,"column":0},"end":{"line":5,"column":23}},"6":{"start":{"line":7,"column":0},"end":{"line":7,"column":41}},"8":{"start":{"line":9,"column":0},"end":{"line":9,"column":12}},"9":{"start":{"line":10,"column":0},"end":{"line":10,"column":10}},"10":{"start":{"line":11,"column":0},"end":{"line":11,"column":20}},"11":{"start":{"line":12,"column":0},"end":{"line":12,"column":81}},"12":{"start":{"line":13,"column":0},"end":{"line":13,"column":77}},"13":{"start":{"line":14,"column":0},"end":{"line":14,"column":18}},"15":{"start":{"line":16,"column":0},"end":{"line":16,"column":11}},"19":{"start":{"line":20,"column":0},"end":{"line":20,"column":1}},"21":{"start":{"line":22,"column":0},"end":{"line":22,"column":22}}},"s":{"0":1,"1":1,"2":1,"4":1,"6":70,"8":70,"9":70,"10":70,"11":2,"12":2,"13":2,"15":70,"19":70,"21":1},"branchMap":{"0":{"type":"branch","line":5,"loc":{"start":{"line":5,"column":16},"end":{"line":20,"column":1}},"locations":[{"start":{"line":5,"column":16},"end":{"line":20,"column":1}}]},"1":{"type":"branch","line":11,"loc":{"start":{"line":11,"column":9},"end":{"line":14,"column":18}},"locations":[{"start":{"line":11,"column":9},"end":{"line":14,"column":18}}]}},"b":{"0":[70],"1":[2]},"fnMap":{"0":{"name":"Loading","decl":{"start":{"line":5,"column":16},"end":{"line":20,"column":1}},"loc":{"start":{"line":5,"column":16},"end":{"line":20,"column":1}},"line":5}},"f":{"0":70}}
,"/home/imensuravel/projetos-react/blog/src/components/PostExterno/PostExterno.tsx": {"path":"/home/imensuravel/projetos-react/blog/src/components/PostExterno/PostExterno.tsx","all":false,"statementMap":{"0":{"start":{"line":1,"column":0},"end":{"line":1,"column":56}},"2":{"start":{"line":3,"column":0},"end":{"line":3,"column":55}},"4":{"start":{"line":5,"column":0},"end":{"line":5,"column":27}},"6":{"start":{"line":7,"column":0},"end":{"line":7,"column":12}},"9":{"start":{"line":10,"column":0},"end":{"line":10,"column":36}},"14":{"start":{"line":15,"column":0},"end":{"line":15,"column":1}},"16":{"start":{"line":17,"column":0},"end":{"line":17,"column":26}}},"s":{"0":1,"2":1,"4":6,"6":6,"9":6,"14":6,"16":1},"branchMap":{"0":{"type":"branch","line":3,"loc":{"start":{"line":3,"column":20},"end":{"line":15,"column":1}},"locations":[{"start":{"line":3,"column":20},"end":{"line":15,"column":1}}]}},"b":{"0":[6]},"fnMap":{"0":{"name":"PostExterno","decl":{"start":{"line":3,"column":20},"end":{"line":15,"column":1}},"loc":{"start":{"line":3,"column":20},"end":{"line":15,"column":1}},"line":3}},"f":{"0":6}}
,"/home/imensuravel/projetos-react/blog/src/components/PostInterno/PostInterno.tsx": {"path":"/home/imensuravel/projetos-react/blog/src/components/PostInterno/PostInterno.tsx","all":false,"statementMap":{"0":{"start":{"line":1,"column":0},"end":{"line":1,"column":46}},"1":{"start":{"line":2,"column":0},"end":{"line":2,"column":55}},"3":{"start":{"line":4,"column":0},"end":{"line":4,"column":55}},"5":{"start":{"line":6,"column":0},"end":{"line":6,"column":27}},"7":{"start":{"line":8,"column":0},"end":{"line":8,"column":80}},"8":{"start":{"line":9,"column":0},"end":{"line":9,"column":59}},"9":{"start":{"line":10,"column":0},"end":{"line":10,"column":14}},"11":{"start":{"line":12,"column":0},"end":{"line":12,"column":1}},"13":{"start":{"line":14,"column":0},"end":{"line":14,"column":26}}},"s":{"0":1,"1":1,"3":1,"5":3,"7":3,"8":3,"9":3,"11":3,"13":1},"branchMap":{"0":{"type":"branch","line":4,"loc":{"start":{"line":4,"column":20},"end":{"line":12,"column":1}},"locations":[{"start":{"line":4,"column":20},"end":{"line":12,"column":1}}]}},"b":{"0":[3]},"fnMap":{"0":{"name":"PostInterno","decl":{"start":{"line":4,"column":20},"end":{"line":12,"column":1}},"loc":{"start":{"line":4,"column":20},"end":{"line":12,"column":1}},"line":4}},"f":{"0":3}}
,"/home/imensuravel/projetos-react/blog/src/components/PostsExternos/PostsExternos.tsx": {"path":"/home/imensuravel/projetos-react/blog/src/components/PostsExternos/PostsExternos.tsx","all":false,"statementMap":{"0":{"start":{"line":1,"column":0},"end":{"line":1,"column":42}},"1":{"start":{"line":2,"column":0},"end":{"line":2,"column":52}},"2":{"start":{"line":3,"column":0},"end":{"line":3,"column":48}},"3":{"start":{"line":4,"column":0},"end":{"line":4,"column":43}},"5":{"start":{"line":6,"column":0},"end":{"line":6,"column":57}},"7":{"start":{"line":8,"column":0},"end":{"line":8,"column":57}},"9":{"start":{"line":10,"column":0},"end":{"line":10,"column":12}},"10":{"start":{"line":11,"column":0},"end":{"line":11,"column":10}},"11":{"start":{"line":12,"column":0},"end":{"line":12,"column":74}},"13":{"start":{"line":14,"column":0},"end":{"line":14,"column":38}},"15":{"start":{"line":16,"column":0},"end":{"line":16,"column":88}},"17":{"start":{"line":18,"column":0},"end":{"line":18,"column":67}},"18":{"start":{"line":19,"column":0},"end":{"line":19,"column":66}},"19":{"start":{"line":20,"column":0},"end":{"line":20,"column":77}},"20":{"start":{"line":21,"column":0},"end":{"line":21,"column":75}},"21":{"start":{"line":22,"column":0},"end":{"line":22,"column":56}},"23":{"start":{"line":24,"column":0},"end":{"line":24,"column":30}},"25":{"start":{"line":26,"column":0},"end":{"line":26,"column":19}},"27":{"start":{"line":28,"column":0},"end":{"line":28,"column":18}},"29":{"start":{"line":30,"column":0},"end":{"line":30,"column":11}},"33":{"start":{"line":34,"column":0},"end":{"line":34,"column":1}},"35":{"start":{"line":36,"column":0},"end":{"line":36,"column":28}}},"s":{"0":1,"1":1,"2":1,"3":1,"5":1,"7":18,"9":18,"10":18,"11":18,"13":18,"15":4,"17":4,"18":4,"19":4,"20":4,"21":4,"23":4,"25":18,"27":18,"29":18,"33":18,"35":1},"branchMap":{"0":{"type":"branch","line":6,"loc":{"start":{"line":6,"column":22},"end":{"line":34,"column":1}},"locations":[{"start":{"line":6,"column":22},"end":{"line":34,"column":1}}]},"1":{"type":"branch","line":14,"loc":{"start":{"line":14,"column":27},"end":{"line":24,"column":30}},"locations":[{"start":{"line":14,"column":27},"end":{"line":24,"column":30}}]}},"b":{"0":[18],"1":[4]},"fnMap":{"0":{"name":"PostsExternos","decl":{"start":{"line":6,"column":22},"end":{"line":34,"column":1}},"loc":{"start":{"line":6,"column":22},"end":{"line":34,"column":1}},"line":6}},"f":{"0":18}}
,"/home/imensuravel/projetos-react/blog/src/components/Rodape/Rodape.tsx": {"path":"/home/imensuravel/projetos-react/blog/src/components/Rodape/Rodape.tsx","all":false,"statementMap":{"0":{"start":{"line":1,"column":0},"end":{"line":1,"column":51}},"1":{"start":{"line":2,"column":0},"end":{"line":2,"column":41}},"3":{"start":{"line":4,"column":0},"end":{"line":4,"column":22}},"5":{"start":{"line":6,"column":0},"end":{"line":6,"column":12}},"7":{"start":{"line":8,"column":0},"end":{"line":8,"column":47}},"9":{"start":{"line":10,"column":0},"end":{"line":10,"column":121}},"10":{"start":{"line":11,"column":0},"end":{"line":11,"column":60}},"11":{"start":{"line":12,"column":0},"end":{"line":12,"column":37}},"12":{"start":{"line":13,"column":0},"end":{"line":13,"column":16}},"13":{"start":{"line":14,"column":0},"end":{"line":14,"column":97}},"14":{"start":{"line":15,"column":0},"end":{"line":15,"column":56}},"15":{"start":{"line":16,"column":0},"end":{"line":16,"column":35}},"16":{"start":{"line":17,"column":0},"end":{"line":17,"column":16}},"18":{"start":{"line":19,"column":0},"end":{"line":19,"column":17}},"22":{"start":{"line":23,"column":0},"end":{"line":23,"column":1}},"24":{"start":{"line":25,"column":0},"end":{"line":25,"column":21}}},"s":{"0":1,"1":1,"3":1,"5":3,"7":3,"9":3,"10":3,"11":3,"12":3,"13":3,"14":3,"15":3,"16":3,"18":3,"22":3,"24":1},"branchMap":{"0":{"type":"branch","line":4,"loc":{"start":{"line":4,"column":15},"end":{"line":23,"column":1}},"locations":[{"start":{"line":4,"column":15},"end":{"line":23,"column":1}}]}},"b":{"0":[3]},"fnMap":{"0":{"name":"Rodape","decl":{"start":{"line":4,"column":15},"end":{"line":23,"column":1}},"loc":{"start":{"line":4,"column":15},"end":{"line":23,"column":1}},"line":4}},"f":{"0":3}}
,"/home/imensuravel/projetos-react/blog/src/components/TextoEIcone/TextoEIcone.tsx": {"path":"/home/imensuravel/projetos-react/blog/src/components/TextoEIcone/TextoEIcone.tsx","all":false,"statementMap":{"1":{"start":{"line":2,"column":0},"end":{"line":2,"column":46}},"16":{"start":{"line":17,"column":0},"end":{"line":17,"column":95}},"18":{"start":{"line":19,"column":0},"end":{"line":19,"column":72}},"19":{"start":{"line":20,"column":0},"end":{"line":20,"column":70}},"21":{"start":{"line":22,"column":0},"end":{"line":22,"column":12}},"23":{"start":{"line":24,"column":0},"end":{"line":24,"column":72}},"24":{"start":{"line":25,"column":0},"end":{"line":25,"column":49}},"25":{"start":{"line":26,"column":0},"end":{"line":26,"column":79}},"26":{"start":{"line":27,"column":0},"end":{"line":27,"column":58}},"27":{"start":{"line":28,"column":0},"end":{"line":28,"column":14}},"31":{"start":{"line":32,"column":0},"end":{"line":32,"column":1}},"33":{"start":{"line":34,"column":0},"end":{"line":34,"column":26}}},"s":{"1":1,"16":1,"18":6,"19":6,"21":6,"23":6,"24":6,"25":6,"26":6,"27":6,"31":6,"33":1},"branchMap":{"0":{"type":"branch","line":17,"loc":{"start":{"line":17,"column":20},"end":{"line":32,"column":1}},"locations":[{"start":{"line":17,"column":20},"end":{"line":32,"column":1}}]},"1":{"type":"branch","line":19,"loc":{"start":{"line":19,"column":48},"end":{"line":19,"column":70}},"locations":[{"start":{"line":19,"column":48},"end":{"line":19,"column":70}}]},"2":{"type":"branch","line":20,"loc":{"start":{"line":20,"column":6},"end":{"line":20,"column":42}},"locations":[{"start":{"line":20,"column":6},"end":{"line":20,"column":42}}]},"3":{"type":"branch","line":20,"loc":{"start":{"line":20,"column":46},"end":{"line":20,"column":68}},"locations":[{"start":{"line":20,"column":46},"end":{"line":20,"column":68}}]}},"b":{"0":[6],"1":[2],"2":[5],"3":[2]},"fnMap":{"0":{"name":"TextoEIcone","decl":{"start":{"line":17,"column":20},"end":{"line":32,"column":1}},"loc":{"start":{"line":17,"column":20},"end":{"line":32,"column":1}},"line":17}},"f":{"0":6}}
,"/home/imensuravel/projetos-react/blog/src/components/Toast/Toast.tsx": {"path":"/home/imensuravel/projetos-react/blog/src/components/Toast/Toast.tsx","all":false,"statementMap":{"0":{"start":{"line":1,"column":0},"end":{"line":1,"column":44}},"1":{"start":{"line":2,"column":0},"end":{"line":2,"column":40}},"13":{"start":{"line":14,"column":0},"end":{"line":14,"column":73}},"16":{"start":{"line":17,"column":0},"end":{"line":17,"column":21}},"18":{"start":{"line":19,"column":0},"end":{"line":19,"column":77}},"20":{"start":{"line":21,"column":0},"end":{"line":21,"column":41}},"22":{"start":{"line":23,"column":0},"end":{"line":23,"column":22}},"24":{"start":{"line":25,"column":0},"end":{"line":25,"column":12}},"25":{"start":{"line":26,"column":0},"end":{"line":26,"column":10}},"26":{"start":{"line":27,"column":0},"end":{"line":27,"column":73}},"27":{"start":{"line":28,"column":0},"end":{"line":28,"column":11}},"31":{"start":{"line":32,"column":0},"end":{"line":32,"column":1}},"33":{"start":{"line":34,"column":0},"end":{"line":34,"column":20}}},"s":{"0":1,"1":1,"13":1,"16":67,"18":10,"20":10,"22":67,"24":67,"25":67,"26":67,"27":67,"31":67,"33":1},"branchMap":{"0":{"type":"branch","line":14,"loc":{"start":{"line":14,"column":14},"end":{"line":32,"column":1}},"locations":[{"start":{"line":14,"column":14},"end":{"line":32,"column":1}}]},"1":{"type":"branch","line":27,"loc":{"start":{"line":27,"column":9},"end":{"line":27,"column":73}},"locations":[{"start":{"line":27,"column":9},"end":{"line":27,"column":73}}]},"2":{"type":"branch","line":17,"loc":{"start":{"line":17,"column":14},"end":{"line":23,"column":7}},"locations":[{"start":{"line":17,"column":14},"end":{"line":23,"column":7}}]},"3":{"type":"branch","line":21,"loc":{"start":{"line":21,"column":15},"end":{"line":21,"column":41}},"locations":[{"start":{"line":21,"column":15},"end":{"line":21,"column":41}}]}},"b":{"0":[67],"1":[1],"2":[10],"3":[10]},"fnMap":{"0":{"name":"Toast","decl":{"start":{"line":14,"column":14},"end":{"line":32,"column":1}},"loc":{"start":{"line":14,"column":14},"end":{"line":32,"column":1}},"line":14}},"f":{"0":67}}
,"/home/imensuravel/projetos-react/blog/src/context/AutenticacaoContext.tsx": {"path":"/home/imensuravel/projetos-react/blog/src/context/AutenticacaoContext.tsx","all":false,"statementMap":{"0":{"start":{"line":1,"column":0},"end":{"line":1,"column":69}},"9":{"start":{"line":10,"column":0},"end":{"line":10,"column":74}},"11":{"start":{"line":12,"column":0},"end":{"line":12,"column":23}},"12":{"start":{"line":13,"column":0},"end":{"line":13,"column":29}},"14":{"start":{"line":15,"column":0},"end":{"line":15,"column":3}},"16":{"start":{"line":17,"column":0},"end":{"line":17,"column":67}},"18":{"start":{"line":19,"column":0},"end":{"line":19,"column":62}},"20":{"start":{"line":21,"column":0},"end":{"line":21,"column":53}},"22":{"start":{"line":23,"column":0},"end":{"line":23,"column":46}},"24":{"start":{"line":25,"column":0},"end":{"line":25,"column":7}},"26":{"start":{"line":27,"column":0},"end":{"line":27,"column":21}},"28":{"start":{"line":29,"column":0},"end":{"line":29,"column":87}},"30":{"start":{"line":31,"column":0},"end":{"line":31,"column":23}},"33":{"start":{"line":34,"column":0},"end":{"line":34,"column":12}},"35":{"start":{"line":36,"column":0},"end":{"line":36,"column":80}},"36":{"start":{"line":37,"column":0},"end":{"line":37,"column":22}},"37":{"start":{"line":38,"column":0},"end":{"line":38,"column":39}},"41":{"start":{"line":42,"column":0},"end":{"line":42,"column":1}}},"s":{"0":1,"9":1,"11":1,"12":1,"14":1,"16":1,"18":15,"20":9,"22":9,"24":15,"26":15,"28":15,"30":15,"33":15,"35":15,"36":15,"37":15,"41":15},"branchMap":{"0":{"type":"branch","line":17,"loc":{"start":{"line":17,"column":43},"end":{"line":42,"column":1}},"locations":[{"start":{"line":17,"column":43},"end":{"line":42,"column":1}}]},"1":{"type":"branch","line":19,"loc":{"start":{"line":19,"column":55},"end":{"line":25,"column":5}},"locations":[{"start":{"line":19,"column":55},"end":{"line":25,"column":5}}]},"2":{"type":"branch","line":23,"loc":{"start":{"line":23,"column":15},"end":{"line":23,"column":42}},"locations":[{"start":{"line":23,"column":15},"end":{"line":23,"column":42}}]},"3":{"type":"branch","line":23,"loc":{"start":{"line":23,"column":39},"end":{"line":23,"column":46}},"locations":[{"start":{"line":23,"column":39},"end":{"line":23,"column":46}}]},"4":{"type":"branch","line":27,"loc":{"start":{"line":27,"column":14},"end":{"line":31,"column":7}},"locations":[{"start":{"line":27,"column":14},"end":{"line":31,"column":7}}]},"5":{"type":"branch","line":29,"loc":{"start":{"line":29,"column":8},"end":{"line":29,"column":87}},"locations":[{"start":{"line":29,"column":8},"end":{"line":29,"column":87}}]}},"b":{"0":[15],"1":[9],"2":[5],"3":[4],"4":[15],"5":[9]},"fnMap":{"0":{"name":"setUsuarioLogado","decl":{"start":{"line":13,"column":21},"end":{"line":13,"column":29}},"loc":{"start":{"line":13,"column":21},"end":{"line":13,"column":29}},"line":13},"1":{"name":"AutenticacaoContextProvider","decl":{"start":{"line":17,"column":43},"end":{"line":42,"column":1}},"loc":{"start":{"line":17,"column":43},"end":{"line":42,"column":1}},"line":17}},"f":{"0":0,"1":15}}
,"/home/imensuravel/projetos-react/blog/src/context/LoadingContext.tsx": {"path":"/home/imensuravel/projetos-react/blog/src/context/LoadingContext.tsx","all":false,"statementMap":{"0":{"start":{"line":1,"column":0},"end":{"line":1,"column":47}},"4":{"start":{"line":5,"column":0},"end":{"line":5,"column":108}},"6":{"start":{"line":7,"column":0},"end":{"line":7,"column":68}},"8":{"start":{"line":9,"column":0},"end":{"line":9,"column":49}},"10":{"start":{"line":11,"column":0},"end":{"line":11,"column":12}},"12":{"start":{"line":13,"column":0},"end":{"line":13,"column":99}},"16":{"start":{"line":17,"column":0},"end":{"line":17,"column":1}}},"s":{"0":1,"4":1,"6":1,"8":10,"10":10,"12":10,"16":10},"branchMap":{"0":{"type":"branch","line":5,"loc":{"start":{"line":5,"column":97},"end":{"line":5,"column":105}},"locations":[{"start":{"line":5,"column":97},"end":{"line":5,"column":105}}]},"1":{"type":"branch","line":7,"loc":{"start":{"line":7,"column":38},"end":{"line":17,"column":1}},"locations":[{"start":{"line":7,"column":38},"end":{"line":17,"column":1}}]}},"b":{"0":[69],"1":[10]},"fnMap":{"0":{"name":"setLoading","decl":{"start":{"line":5,"column":97},"end":{"line":5,"column":105}},"loc":{"start":{"line":5,"column":97},"end":{"line":5,"column":105}},"line":5},"1":{"name":"LoadingContextProvider","decl":{"start":{"line":7,"column":38},"end":{"line":17,"column":1}},"loc":{"start":{"line":7,"column":38},"end":{"line":17,"column":1}},"line":7}},"f":{"0":69,"1":10}}
,"/home/imensuravel/projetos-react/blog/src/context/MensagemContext.tsx": {"path":"/home/imensuravel/projetos-react/blog/src/context/MensagemContext.tsx","all":false,"statementMap":{"0":{"start":{"line":1,"column":0},"end":{"line":1,"column":48}},"14":{"start":{"line":15,"column":0},"end":{"line":15,"column":29}},"16":{"start":{"line":17,"column":0},"end":{"line":17,"column":26}},"18":{"start":{"line":19,"column":0},"end":{"line":19,"column":1}},"20":{"start":{"line":21,"column":0},"end":{"line":21,"column":56}},"21":{"start":{"line":22,"column":0},"end":{"line":22,"column":23}},"22":{"start":{"line":23,"column":0},"end":{"line":23,"column":23}},"24":{"start":{"line":25,"column":0},"end":{"line":25,"column":24}},"25":{"start":{"line":26,"column":0},"end":{"line":26,"column":23}},"26":{"start":{"line":27,"column":0},"end":{"line":27,"column":39}},"27":{"start":{"line":28,"column":0},"end":{"line":28,"column":23}},"29":{"start":{"line":30,"column":0},"end":{"line":30,"column":26}},"31":{"start":{"line":32,"column":0},"end":{"line":32,"column":23}},"32":{"start":{"line":33,"column":0},"end":{"line":33,"column":51}},"34":{"start":{"line":35,"column":0},"end":{"line":35,"column":24}},"35":{"start":{"line":36,"column":0},"end":{"line":36,"column":52}},"37":{"start":{"line":38,"column":0},"end":{"line":38,"column":16}},"38":{"start":{"line":39,"column":0},"end":{"line":39,"column":29}},"40":{"start":{"line":41,"column":0},"end":{"line":41,"column":5}},"42":{"start":{"line":43,"column":0},"end":{"line":43,"column":2}},"44":{"start":{"line":45,"column":0},"end":{"line":45,"column":69}},"46":{"start":{"line":47,"column":0},"end":{"line":47,"column":63}},"48":{"start":{"line":49,"column":0},"end":{"line":49,"column":12}},"50":{"start":{"line":51,"column":0},"end":{"line":51,"column":60}},"51":{"start":{"line":52,"column":0},"end":{"line":52,"column":22}},"52":{"start":{"line":53,"column":0},"end":{"line":53,"column":35}},"56":{"start":{"line":57,"column":0},"end":{"line":57,"column":1}}},"s":{"0":1,"14":1,"16":1,"18":1,"20":1,"21":1,"22":1,"24":1,"25":6,"26":6,"27":6,"29":6,"31":6,"32":4,"34":6,"35":1,"37":6,"38":1,"40":6,"42":6,"44":1,"46":15,"48":15,"50":15,"51":15,"52":15,"56":15},"branchMap":{"0":{"type":"branch","line":23,"loc":{"start":{"line":23,"column":13},"end":{"line":23,"column":21}},"locations":[{"start":{"line":23,"column":13},"end":{"line":23,"column":21}}]},"1":{"type":"branch","line":25,"loc":{"start":{"line":25,"column":23},"end":{"line":43,"column":2}},"locations":[{"start":{"line":25,"column":23},"end":{"line":43,"column":2}}]},"2":{"type":"branch","line":32,"loc":{"start":{"line":32,"column":8},"end":{"line":33,"column":51}},"locations":[{"start":{"line":32,"column":8},"end":{"line":33,"column":51}}]},"3":{"type":"branch","line":35,"loc":{"start":{"line":35,"column":8},"end":{"line":36,"column":52}},"locations":[{"start":{"line":35,"column":8},"end":{"line":36,"column":52}}]},"4":{"type":"branch","line":38,"loc":{"start":{"line":38,"column":8},"end":{"line":39,"column":29}},"locations":[{"start":{"line":38,"column":8},"end":{"line":39,"column":29}}]},"5":{"type":"branch","line":45,"loc":{"start":{"line":45,"column":39},"end":{"line":57,"column":1}},"locations":[{"start":{"line":45,"column":39},"end":{"line":57,"column":1}}]}},"b":{"0":[1],"1":[6],"2":[4],"3":[1],"4":[1],"5":[15]},"fnMap":{"0":{"name":"dispatch","decl":{"start":{"line":23,"column":13},"end":{"line":23,"column":21}},"loc":{"start":{"line":23,"column":13},"end":{"line":23,"column":21}},"line":23},"1":{"name":"reducer","decl":{"start":{"line":25,"column":23},"end":{"line":43,"column":2}},"loc":{"start":{"line":25,"column":23},"end":{"line":43,"column":2}},"line":25},"2":{"name":"MensagemContextProvider","decl":{"start":{"line":45,"column":39},"end":{"line":57,"column":1}},"loc":{"start":{"line":45,"column":39},"end":{"line":57,"column":1}},"line":45}},"f":{"0":1,"1":6,"2":15}}
,"/home/imensuravel/projetos-react/blog/src/context/TemaContext.tsx": {"path":"/home/imensuravel/projetos-react/blog/src/context/TemaContext.tsx","all":false,"statementMap":{"0":{"start":{"line":1,"column":0},"end":{"line":1,"column":92}},"9":{"start":{"line":10,"column":0},"end":{"line":10,"column":81}},"11":{"start":{"line":12,"column":0},"end":{"line":12,"column":73}},"13":{"start":{"line":14,"column":0},"end":{"line":14,"column":63}},"15":{"start":{"line":16,"column":0},"end":{"line":16,"column":50}},"17":{"start":{"line":18,"column":0},"end":{"line":18,"column":69}},"19":{"start":{"line":20,"column":0},"end":{"line":20,"column":7}},"21":{"start":{"line":22,"column":0},"end":{"line":22,"column":27}},"23":{"start":{"line":24,"column":0},"end":{"line":24,"column":65}},"24":{"start":{"line":25,"column":0},"end":{"line":25,"column":42}},"26":{"start":{"line":27,"column":0},"end":{"line":27,"column":16}},"28":{"start":{"line":29,"column":0},"end":{"line":29,"column":12}},"29":{"start":{"line":30,"column":0},"end":{"line":30,"column":50}},"30":{"start":{"line":31,"column":0},"end":{"line":31,"column":18}},"31":{"start":{"line":32,"column":0},"end":{"line":32,"column":28}},"33":{"start":{"line":34,"column":0},"end":{"line":34,"column":1}}},"s":{"0":1,"9":1,"11":1,"13":5,"15":3,"17":3,"19":5,"21":5,"23":5,"24":5,"26":5,"28":5,"29":5,"30":5,"31":5,"33":5},"branchMap":{"0":{"type":"branch","line":12,"loc":{"start":{"line":12,"column":35},"end":{"line":34,"column":1}},"locations":[{"start":{"line":12,"column":35},"end":{"line":34,"column":1}}]},"1":{"type":"branch","line":14,"loc":{"start":{"line":14,"column":56},"end":{"line":20,"column":6}},"locations":[{"start":{"line":14,"column":56},"end":{"line":20,"column":6}}]},"2":{"type":"branch","line":18,"loc":{"start":{"line":18,"column":26},"end":{"line":18,"column":55}},"locations":[{"start":{"line":18,"column":26},"end":{"line":18,"column":55}}]},"3":{"type":"branch","line":18,"loc":{"start":{"line":18,"column":45},"end":{"line":18,"column":63}},"locations":[{"start":{"line":18,"column":45},"end":{"line":18,"column":63}}]},"4":{"type":"branch","line":18,"loc":{"start":{"line":18,"column":55},"end":{"line":18,"column":69}},"locations":[{"start":{"line":18,"column":55},"end":{"line":18,"column":69}}]},"5":{"type":"branch","line":22,"loc":{"start":{"line":22,"column":20},"end":{"line":27,"column":7}},"locations":[{"start":{"line":22,"column":20},"end":{"line":27,"column":7}}]}},"b":{"0":[5],"1":[3],"2":[2],"3":[1],"4":[2],"5":[5]},"fnMap":{"0":{"name":"setTema","decl":{"start":{"line":10,"column":71},"end":{"line":10,"column":79}},"loc":{"start":{"line":10,"column":71},"end":{"line":10,"column":79}},"line":10},"1":{"name":"TemaContextProvider","decl":{"start":{"line":12,"column":35},"end":{"line":34,"column":1}},"loc":{"start":{"line":12,"column":35},"end":{"line":34,"column":1}},"line":12}},"f":{"0":0,"1":5}}
[...]
,"/home/imensuravel/projetos-react/blog/src/pages/ErrorPage.tsx": {"path":"/home/imensuravel/projetos-react/blog/src/pages/ErrorPage.tsx","all":false,"statementMap":{"0":{"start":{"line":1,"column":0},"end":{"line":1,"column":25}},"2":{"start":{"line":3,"column":0},"end":{"line":3,"column":12}},"4":{"start":{"line":5,"column":0},"end":{"line":5,"column":36}},"8":{"start":{"line":9,"column":0},"end":{"line":9,"column":1}},"10":{"start":{"line":11,"column":0},"end":{"line":11,"column":24}}},"s":{"0":1,"2":1,"4":1,"8":1,"10":1},"branchMap":{"0":{"type":"branch","line":1,"loc":{"start":{"line":1,"column":18},"end":{"line":9,"column":1}},"locations":[{"start":{"line":1,"column":18},"end":{"line":9,"column":1}}]}},"b":{"0":[1]},"fnMap":{"0":{"name":"ErrorPage","decl":{"start":{"line":1,"column":18},"end":{"line":9,"column":1}},"loc":{"start":{"line":1,"column":18},"end":{"line":9,"column":1}},"line":1}},"f":{"0":1}}
,"/home/imensuravel/projetos-react/blog/src/pages/Home.tsx": {"path":"/home/imensuravel/projetos-react/blog/src/pages/Home.tsx","all":false,"statementMap":{"0":{"start":{"line":1,"column":0},"end":{"line":1,"column":41}},"1":{"start":{"line":2,"column":0},"end":{"line":2,"column":47}},"2":{"start":{"line":3,"column":0},"end":{"line":3,"column":69}},"4":{"start":{"line":5,"column":0},"end":{"line":5,"column":57}},"6":{"start":{"line":7,"column":0},"end":{"line":7,"column":20}},"9":{"start":{"line":10,"column":0},"end":{"line":10,"column":12}},"10":{"start":{"line":11,"column":0},"end":{"line":11,"column":10}},"11":{"start":{"line":12,"column":0},"end":{"line":12,"column":27}},"13":{"start":{"line":14,"column":0},"end":{"line":14,"column":73}},"15":{"start":{"line":16,"column":0},"end":{"line":16,"column":81}},"16":{"start":{"line":17,"column":0},"end":{"line":17,"column":51}},"17":{"start":{"line":18,"column":0},"end":{"line":18,"column":62}},"18":{"start":{"line":19,"column":0},"end":{"line":19,"column":68}},"19":{"start":{"line":20,"column":0},"end":{"line":20,"column":73}},"20":{"start":{"line":21,"column":0},"end":{"line":21,"column":18}},"22":{"start":{"line":23,"column":0},"end":{"line":23,"column":18}},"24":{"start":{"line":25,"column":0},"end":{"line":25,"column":45}},"33":{"start":{"line":34,"column":0},"end":{"line":34,"column":16}},"35":{"start":{"line":36,"column":0},"end":{"line":36,"column":37}},"37":{"start":{"line":38,"column":0},"end":{"line":38,"column":43}},"41":{"start":{"line":42,"column":0},"end":{"line":42,"column":15}},"43":{"start":{"line":44,"column":0},"end":{"line":44,"column":11}},"47":{"start":{"line":48,"column":0},"end":{"line":48,"column":1}},"49":{"start":{"line":50,"column":0},"end":{"line":50,"column":19}}},"s":{"0":1,"1":1,"2":1,"4":1,"6":1,"9":2,"10":2,"11":2,"13":2,"15":2,"16":2,"17":2,"18":2,"19":2,"20":2,"22":2,"24":2,"33":2,"35":2,"37":2,"41":2,"43":2,"47":2,"49":1},"branchMap":{"0":{"type":"branch","line":7,"loc":{"start":{"line":7,"column":13},"end":{"line":48,"column":1}},"locations":[{"start":{"line":7,"column":13},"end":{"line":48,"column":1}}]}},"b":{"0":[2]},"fnMap":{"0":{"name":"Home","decl":{"start":{"line":7,"column":13},"end":{"line":48,"column":1}},"loc":{"start":{"line":7,"column":13},"end":{"line":48,"column":1}},"line":7}},"f":{"0":2}}
,"/home/imensuravel/projetos-react/blog/src/pages/Login.tsx": {"path":"/home/imensuravel/projetos-react/blog/src/pages/Login.tsx","all":false,"statementMap":{"0":{"start":{"line":1,"column":0},"end":{"line":1,"column":45}},"1":{"start":{"line":2,"column":0},"end":{"line":2,"column":75}},"2":{"start":{"line":3,"column":0},"end":{"line":3,"column":68}},"3":{"start":{"line":4,"column":0},"end":{"line":4,"column":60}},"4":{"start":{"line":5,"column":0},"end":{"line":5,"column":63}},"5":{"start":{"line":6,"column":0},"end":{"line":6,"column":72}},"6":{"start":{"line":7,"column":0},"end":{"line":7,"column":48}},"7":{"start":{"line":8,"column":0},"end":{"line":8,"column":60}},"8":{"start":{"line":9,"column":0},"end":{"line":9,"column":45}},"9":{"start":{"line":10,"column":0},"end":{"line":10,"column":52}},"10":{"start":{"line":11,"column":0},"end":{"line":11,"column":51}},"13":{"start":{"line":14,"column":0},"end":{"line":14,"column":21}},"15":{"start":{"line":16,"column":0},"end":{"line":16,"column":46}},"16":{"start":{"line":17,"column":0},"end":{"line":17,"column":42}},"17":{"start":{"line":18,"column":0},"end":{"line":18,"column":78}},"18":{"start":{"line":19,"column":0},"end":{"line":19,"column":50}},"19":{"start":{"line":20,"column":0},"end":{"line":20,"column":40}},"22":{"start":{"line":23,"column":0},"end":{"line":23,"column":69}},"24":{"start":{"line":25,"column":0},"end":{"line":25,"column":27}},"25":{"start":{"line":26,"column":0},"end":{"line":26,"column":89}},"27":{"start":{"line":28,"column":0},"end":{"line":28,"column":39}},"29":{"start":{"line":30,"column":0},"end":{"line":30,"column":49}},"31":{"start":{"line":32,"column":0},"end":{"line":32,"column":38}},"32":{"start":{"line":33,"column":0},"end":{"line":33,"column":38}},"33":{"start":{"line":34,"column":0},"end":{"line":34,"column":24}},"36":{"start":{"line":37,"column":0},"end":{"line":37,"column":39}},"38":{"start":{"line":39,"column":0},"end":{"line":39,"column":48}},"40":{"start":{"line":41,"column":0},"end":{"line":41,"column":16}},"42":{"start":{"line":43,"column":0},"end":{"line":43,"column":43}},"44":{"start":{"line":45,"column":0},"end":{"line":45,"column":9}},"45":{"start":{"line":46,"column":0},"end":{"line":46,"column":5}},"47":{"start":{"line":48,"column":0},"end":{"line":48,"column":64}},"49":{"start":{"line":50,"column":0},"end":{"line":50,"column":34}},"52":{"start":{"line":53,"column":0},"end":{"line":53,"column":48}},"54":{"start":{"line":55,"column":0},"end":{"line":55,"column":25}},"57":{"start":{"line":58,"column":0},"end":{"line":58,"column":5}},"59":{"start":{"line":60,"column":0},"end":{"line":60,"column":62}},"61":{"start":{"line":62,"column":0},"end":{"line":62,"column":34}},"62":{"start":{"line":63,"column":0},"end":{"line":63,"column":23}},"64":{"start":{"line":65,"column":0},"end":{"line":65,"column":5}},"66":{"start":{"line":67,"column":0},"end":{"line":67,"column":12}},"68":{"start":{"line":69,"column":0},"end":{"line":69,"column":10}},"69":{"start":{"line":70,"column":0},"end":{"line":70,"column":31}},"71":{"start":{"line":72,"column":0},"end":{"line":72,"column":71}},"72":{"start":{"line":73,"column":0},"end":{"line":73,"column":30}},"73":{"start":{"line":74,"column":0},"end":{"line":74,"column":65}},"74":{"start":{"line":75,"column":0},"end":{"line":75,"column":86}},"75":{"start":{"line":76,"column":0},"end":{"line":76,"column":74}},"76":{"start":{"line":77,"column":0},"end":{"line":77,"column":76}},"77":{"start":{"line":78,"column":0},"end":{"line":78,"column":78}},"78":{"start":{"line":79,"column":0},"end":{"line":79,"column":45}},"80":{"start":{"line":81,"column":0},"end":{"line":81,"column":26}},"82":{"start":{"line":83,"column":0},"end":{"line":83,"column":31}},"83":{"start":{"line":84,"column":0},"end":{"line":84,"column":55}},"84":{"start":{"line":85,"column":0},"end":{"line":85,"column":59}},"86":{"start":{"line":87,"column":0},"end":{"line":87,"column":66}},"87":{"start":{"line":88,"column":0},"end":{"line":88,"column":105}},"88":{"start":{"line":89,"column":0},"end":{"line":89,"column":20}},"89":{"start":{"line":90,"column":0},"end":{"line":90,"column":22}},"92":{"start":{"line":93,"column":0},"end":{"line":93,"column":19}},"93":{"start":{"line":94,"column":0},"end":{"line":94,"column":93}},"95":{"start":{"line":96,"column":0},"end":{"line":96,"column":20}},"96":{"start":{"line":97,"column":0},"end":{"line":97,"column":23}},"98":{"start":{"line":99,"column":0},"end":{"line":99,"column":11}},"102":{"start":{"line":103,"column":0},"end":{"line":103,"column":1}},"104":{"start":{"line":105,"column":0},"end":{"line":105,"column":20}}},"s":{"0":1,"1":1,"2":1,"3":1,"4":1,"5":1,"6":1,"7":1,"8":1,"9":1,"10":1,"13":1,"15":21,"16":21,"17":21,"18":21,"19":21,"22":21,"24":1,"25":1,"27":1,"29":1,"31":1,"32":1,"33":1,"36":1,"38":0,"40":0,"42":0,"44":0,"45":1,"47":21,"49":8,"52":8,"54":8,"57":8,"59":21,"61":6,"62":6,"64":6,"66":21,"68":21,"69":21,"71":21,"72":19,"73":19,"74":19,"75":19,"76":19,"77":19,"78":19,"80":19,"82":21,"83":2,"84":2,"86":2,"87":2,"88":2,"89":2,"92":21,"93":21,"95":21,"96":21,"98":21,"102":21,"104":1},"branchMap":{"0":{"type":"branch","line":14,"loc":{"start":{"line":14,"column":14},"end":{"line":103,"column":1}},"locations":[{"start":{"line":14,"column":14},"end":{"line":103,"column":1}}]},"1":{"type":"branch","line":72,"loc":{"start":{"line":72,"column":14},"end":{"line":81,"column":26}},"locations":[{"start":{"line":72,"column":14},"end":{"line":81,"column":26}}]},"2":{"type":"branch","line":83,"loc":{"start":{"line":83,"column":13},"end":{"line":90,"column":22}},"locations":[{"start":{"line":83,"column":13},"end":{"line":90,"column":22}}]},"3":{"type":"branch","line":23,"loc":{"start":{"line":23,"column":25},"end":{"line":46,"column":5}},"locations":[{"start":{"line":23,"column":25},"end":{"line":46,"column":5}}]},"4":{"type":"branch","line":37,"loc":{"start":{"line":37,"column":8},"end":{"line":45,"column":9}},"locations":[{"start":{"line":37,"column":8},"end":{"line":45,"column":9}}]},"5":{"type":"branch","line":48,"loc":{"start":{"line":48,"column":26},"end":{"line":58,"column":5}},"locations":[{"start":{"line":48,"column":26},"end":{"line":58,"column":5}}]},"6":{"type":"branch","line":60,"loc":{"start":{"line":60,"column":24},"end":{"line":65,"column":5}},"locations":[{"start":{"line":60,"column":24},"end":{"line":65,"column":5}}]},"7":{"type":"branch","line":88,"loc":{"start":{"line":88,"column":67},"end":{"line":88,"column":85}},"locations":[{"start":{"line":88,"column":67},"end":{"line":88,"column":85}}]}},"b":{"0":[21],"1":[19],"2":[2],"3":[1],"4":[0],"5":[8],"6":[6],"7":[1]},"fnMap":{"0":{"name":"Login","decl":{"start":{"line":14,"column":14},"end":{"line":103,"column":1}},"loc":{"start":{"line":14,"column":14},"end":{"line":103,"column":1}},"line":14},"1":{"name":"handleSubmit","decl":{"start":{"line":23,"column":25},"end":{"line":46,"column":5}},"loc":{"start":{"line":23,"column":25},"end":{"line":46,"column":5}},"line":23},"2":{"name":"changeUsuario","decl":{"start":{"line":48,"column":26},"end":{"line":58,"column":5}},"loc":{"start":{"line":48,"column":26},"end":{"line":58,"column":5}},"line":48},"3":{"name":"changeSenha","decl":{"start":{"line":60,"column":24},"end":{"line":65,"column":5}},"loc":{"start":{"line":60,"column":24},"end":{"line":65,"column":5}},"line":60},"4":{"name":"onClick","decl":{"start":{"line":88,"column":67},"end":{"line":88,"column":85}},"loc":{"start":{"line":88,"column":67},"end":{"line":88,"column":85}},"line":88}},"f":{"0":21,"1":1,"2":8,"3":6,"4":1}}
,"/home/imensuravel/projetos-react/blog/src/pages/Post.tsx": {"path":"/home/imensuravel/projetos-react/blog/src/pages/Post.tsx","all":false,"statementMap":{"0":{"start":{"line":1,"column":0},"end":{"line":1,"column":44}},"1":{"start":{"line":2,"column":0},"end":{"line":2,"column":63}},"2":{"start":{"line":3,"column":0},"end":{"line":3,"column":63}},"3":{"start":{"line":4,"column":0},"end":{"line":4,"column":90}},"5":{"start":{"line":6,"column":0},"end":{"line":6,"column":20}},"7":{"start":{"line":8,"column":0},"end":{"line":8,"column":28}},"9":{"start":{"line":10,"column":0},"end":{"line":10,"column":12}},"11":{"start":{"line":12,"column":0},"end":{"line":12,"column":10}},"12":{"start":{"line":13,"column":0},"end":{"line":13,"column":31}},"13":{"start":{"line":14,"column":0},"end":{"line":14,"column":34}},"14":{"start":{"line":15,"column":0},"end":{"line":15,"column":47}},"15":{"start":{"line":16,"column":0},"end":{"line":16,"column":38}},"16":{"start":{"line":17,"column":0},"end":{"line":17,"column":19}},"18":{"start":{"line":19,"column":0},"end":{"line":19,"column":11}},"22":{"start":{"line":23,"column":0},"end":{"line":23,"column":1}},"24":{"start":{"line":25,"column":0},"end":{"line":25,"column":19}}},"s":{"0":1,"1":1,"2":1,"3":1,"5":1,"7":1,"9":1,"11":1,"12":1,"13":1,"14":1,"15":1,"16":1,"18":1,"22":1,"24":1},"branchMap":{"0":{"type":"branch","line":6,"loc":{"start":{"line":6,"column":13},"end":{"line":23,"column":1}},"locations":[{"start":{"line":6,"column":13},"end":{"line":23,"column":1}}]}},"b":{"0":[1]},"fnMap":{"0":{"name":"Post","decl":{"start":{"line":6,"column":13},"end":{"line":23,"column":1}},"loc":{"start":{"line":6,"column":13},"end":{"line":23,"column":1}},"line":6}},"f":{"0":1}}
,"/home/imensuravel/projetos-react/blog/src/pages/Posts.tsx": {"path":"/home/imensuravel/projetos-react/blog/src/pages/Posts.tsx","all":false,"statementMap":{"0":{"start":{"line":1,"column":0},"end":{"line":1,"column":48}},"1":{"start":{"line":2,"column":0},"end":{"line":2,"column":39}},"2":{"start":{"line":3,"column":0},"end":{"line":3,"column":54}},"3":{"start":{"line":4,"column":0},"end":{"line":4,"column":35}},"4":{"start":{"line":5,"column":0},"end":{"line":5,"column":69}},"6":{"start":{"line":7,"column":0},"end":{"line":7,"column":21}},"8":{"start":{"line":9,"column":0},"end":{"line":9,"column":58}},"9":{"start":{"line":10,"column":0},"end":{"line":10,"column":31}},"11":{"start":{"line":12,"column":0},"end":{"line":12,"column":107}},"13":{"start":{"line":14,"column":0},"end":{"line":14,"column":23}},"15":{"start":{"line":16,"column":0},"end":{"line":16,"column":78}},"17":{"start":{"line":18,"column":0},"end":{"line":18,"column":40}},"18":{"start":{"line":19,"column":0},"end":{"line":19,"column":38}},"19":{"start":{"line":20,"column":0},"end":{"line":20,"column":10}},"21":{"start":{"line":22,"column":0},"end":{"line":22,"column":12}},"23":{"start":{"line":24,"column":0},"end":{"line":24,"column":10}},"25":{"start":{"line":26,"column":0},"end":{"line":26,"column":31}},"27":{"start":{"line":28,"column":0},"end":{"line":28,"column":55}},"28":{"start":{"line":29,"column":0},"end":{"line":29,"column":75}},"29":{"start":{"line":30,"column":0},"end":{"line":30,"column":92}},"30":{"start":{"line":31,"column":0},"end":{"line":31,"column":89}},"33":{"start":{"line":34,"column":0},"end":{"line":34,"column":22}},"35":{"start":{"line":36,"column":0},"end":{"line":36,"column":47}},"38":{"start":{"line":39,"column":0},"end":{"line":39,"column":19}},"40":{"start":{"line":41,"column":0},"end":{"line":41,"column":11}},"44":{"start":{"line":45,"column":0},"end":{"line":45,"column":1}},"46":{"start":{"line":47,"column":0},"end":{"line":47,"column":20}}},"s":{"0":1,"1":1,"2":1,"3":1,"4":1,"6":1,"8":12,"9":12,"11":12,"13":12,"15":12,"17":10,"18":10,"19":12,"21":12,"23":12,"25":12,"27":12,"28":12,"29":12,"30":12,"33":12,"35":12,"38":12,"40":12,"44":12,"46":1},"branchMap":{"0":{"type":"branch","line":7,"loc":{"start":{"line":7,"column":14},"end":{"line":45,"column":1}},"locations":[{"start":{"line":7,"column":14},"end":{"line":45,"column":1}}]},"1":{"type":"branch","line":10,"loc":{"start":{"line":10,"column":24},"end":{"line":14,"column":7}},"locations":[{"start":{"line":10,"column":24},"end":{"line":14,"column":7}}]},"2":{"type":"branch","line":12,"loc":{"start":{"line":12,"column":15},"end":{"line":12,"column":78}},"locations":[{"start":{"line":12,"column":15},"end":{"line":12,"column":78}}]},"3":{"type":"branch","line":12,"loc":{"start":{"line":12,"column":64},"end":{"line":12,"column":107}},"locations":[{"start":{"line":12,"column":64},"end":{"line":12,"column":107}}]},"4":{"type":"branch","line":16,"loc":{"start":{"line":16,"column":39},"end":{"line":20,"column":7}},"locations":[{"start":{"line":16,"column":39},"end":{"line":20,"column":7}}]}},"b":{"0":[12],"1":[12],"2":[10],"3":[2],"4":[10]},"fnMap":{"0":{"name":"Posts","decl":{"start":{"line":7,"column":14},"end":{"line":45,"column":1}},"loc":{"start":{"line":7,"column":14},"end":{"line":45,"column":1}},"line":7}},"f":{"0":12}}
,"/home/imensuravel/projetos-react/blog/src/pages/Sobre.tsx": {"path":"/home/imensuravel/projetos-react/blog/src/pages/Sobre.tsx","all":false,"statementMap":{"0":{"start":{"line":1,"column":0},"end":{"line":1,"column":48}},"2":{"start":{"line":3,"column":0},"end":{"line":3,"column":21}},"4":{"start":{"line":5,"column":0},"end":{"line":5,"column":12}},"6":{"start":{"line":7,"column":0},"end":{"line":7,"column":8}},"8":{"start":{"line":9,"column":0},"end":{"line":9,"column":25}},"9":{"start":{"line":10,"column":0},"end":{"line":10,"column":42}},"10":{"start":{"line":11,"column":0},"end":{"line":11,"column":29}},"11":{"start":{"line":12,"column":0},"end":{"line":12,"column":45}},"13":{"start":{"line":14,"column":0},"end":{"line":14,"column":12}},"14":{"start":{"line":15,"column":0},"end":{"line":15,"column":16}},"16":{"start":{"line":17,"column":0},"end":{"line":17,"column":42}},"17":{"start":{"line":18,"column":0},"end":{"line":18,"column":23}},"18":{"start":{"line":19,"column":0},"end":{"line":19,"column":41}},"22":{"start":{"line":23,"column":0},"end":{"line":23,"column":12}},"23":{"start":{"line":24,"column":0},"end":{"line":24,"column":16}},"25":{"start":{"line":26,"column":0},"end":{"line":26,"column":42}},"26":{"start":{"line":27,"column":0},"end":{"line":27,"column":39}},"27":{"start":{"line":28,"column":0},"end":{"line":28,"column":12}},"28":{"start":{"line":29,"column":0},"end":{"line":29,"column":44}},"29":{"start":{"line":30,"column":0},"end":{"line":30,"column":110}},"30":{"start":{"line":31,"column":0},"end":{"line":31,"column":99}},"31":{"start":{"line":32,"column":0},"end":{"line":32,"column":62}},"32":{"start":{"line":33,"column":0},"end":{"line":33,"column":72}},"33":{"start":{"line":34,"column":0},"end":{"line":34,"column":62}},"34":{"start":{"line":35,"column":0},"end":{"line":35,"column":13}},"35":{"start":{"line":36,"column":0},"end":{"line":36,"column":16}},"37":{"start":{"line":38,"column":0},"end":{"line":38,"column":42}},"38":{"start":{"line":39,"column":0},"end":{"line":39,"column":30}},"39":{"start":{"line":40,"column":0},"end":{"line":40,"column":46}},"44":{"start":{"line":45,"column":0},"end":{"line":45,"column":12}},"45":{"start":{"line":46,"column":0},"end":{"line":46,"column":16}},"46":{"start":{"line":47,"column":0},"end":{"line":47,"column":13}},"48":{"start":{"line":49,"column":0},"end":{"line":49,"column":9}},"52":{"start":{"line":53,"column":0},"end":{"line":53,"column":1}},"54":{"start":{"line":55,"column":0},"end":{"line":55,"column":20}}},"s":{"0":1,"2":1,"4":3,"6":3,"8":3,"9":3,"10":3,"11":3,"13":3,"14":3,"16":3,"17":3,"18":3,"22":3,"23":3,"25":3,"26":3,"27":3,"28":3,"29":3,"30":3,"31":3,"32":3,"33":3,"34":3,"35":3,"37":3,"38":3,"39":3,"44":3,"45":3,"46":3,"48":3,"52":3,"54":1},"branchMap":{"0":{"type":"branch","line":3,"loc":{"start":{"line":3,"column":14},"end":{"line":53,"column":1}},"locations":[{"start":{"line":3,"column":14},"end":{"line":53,"column":1}}]}},"b":{"0":[3]},"fnMap":{"0":{"name":"Sobre","decl":{"start":{"line":3,"column":14},"end":{"line":53,"column":1}},"loc":{"start":{"line":3,"column":14},"end":{"line":53,"column":1}},"line":3}},"f":{"0":3}}
}
